{"obj": {"type": "AssignString", "path": ["sys", "name"], "value": "Untitled"}, "version": 1}
{"obj": {"type": "AssignString", "path": ["sys", "description"], "value": ""}, "version": 2}
{"obj": {"type": "AssignString", "path": ["sys", "hostname"], "value": "DESKTOP-I24N4PN"}, "version": 3}
{"obj": {"type": "AssignBool", "path": ["sys", "failed"], "value": false}, "version": 4}
{"obj": {"type": "ClearStringLog", "path": ["monitoring", "stdout"]}, "version": 5}
{"obj": {"type": "ClearStringLog", "path": ["monitoring", "stderr"]}, "version": 6}
{"obj": {"type": "ConfigFloatSeries", "path": ["monitoring", "cpu"], "min": 0.0, "max": 100.0, "unit": "%"}, "version": 7}
{"obj": {"type": "ClearFloatLog", "path": ["monitoring", "cpu"]}, "version": 8}
{"obj": {"type": "ConfigFloatSeries", "path": ["monitoring", "memory"], "min": 0.0, "max": 15.787357330322266, "unit": "GB"}, "version": 9}
{"obj": {"type": "ClearFloatLog", "path": ["monitoring", "memory"]}, "version": 10}
{"obj": {"type": "ConfigFloatSeries", "path": ["monitoring", "gpu"], "min": 0.0, "max": 100.0, "unit": "%"}, "version": 11}
{"obj": {"type": "ClearFloatLog", "path": ["monitoring", "gpu"]}, "version": 12}
{"obj": {"type": "ConfigFloatSeries", "path": ["monitoring", "gpu_memory"], "min": 0.0, "max": 2.0, "unit": "GB"}, "version": 13}
{"obj": {"type": "ClearFloatLog", "path": ["monitoring", "gpu_memory"]}, "version": 14}
{"obj": {"type": "LogStrings", "path": ["monitoring", "stdout"], "values": [{"value": "Remember to stop your run once you\u2019ve finished logging your metadata (https://docs.neptune.ai/api/run#stop). It will be stopped automatically only when the notebook kernel/interactive console is terminated.\n", "step": null, "ts": 1672092671.9875393}]}, "version": 15}
{"obj": {"type": "AssignString", "path": ["algorithm"], "value": "LSTM"}, "version": 16}
{"obj": {"type": "AssignInt", "path": ["parameters", "batch_size"], "value": 64}, "version": 17}
{"obj": {"type": "AssignFloat", "path": ["parameters", "learning_rate"], "value": 0.001}, "version": 18}
{"obj": {"type": "AssignString", "path": ["parameters", "optimizer"], "value": "CrossEntropyLoss"}, "version": 19}
{"obj": {"type": "LogFloats", "path": ["monitoring", "cpu"], "values": [{"value": 5.0, "step": null, "ts": 1672092671.9715378}]}, "version": 20}
{"obj": {"type": "LogFloats", "path": ["monitoring", "memory"], "values": [{"value": 6.804718017578125, "step": null, "ts": 1672092671.9715378}]}, "version": 21}
{"obj": {"type": "LogFloats", "path": ["monitoring", "gpu"], "values": [{"value": 39.0, "step": null, "ts": 1672092671.9715378}]}, "version": 22}
{"obj": {"type": "LogFloats", "path": ["monitoring", "gpu_memory"], "values": [{"value": 0.20173263549804688, "step": null, "ts": 1672092671.9715378}]}, "version": 23}
{"obj": {"type": "LogFloats", "path": ["monitoring", "cpu"], "values": [{"value": 11.9, "step": null, "ts": 1672092682.0005004}]}, "version": 24}
{"obj": {"type": "LogFloats", "path": ["monitoring", "memory"], "values": [{"value": 6.71533203125, "step": null, "ts": 1672092682.0005004}]}, "version": 25}
{"obj": {"type": "LogFloats", "path": ["monitoring", "gpu"], "values": [{"value": 3.0, "step": null, "ts": 1672092682.0005004}]}, "version": 26}
{"obj": {"type": "LogFloats", "path": ["monitoring", "gpu_memory"], "values": [{"value": 0.21540451049804688, "step": null, "ts": 1672092682.0005004}]}, "version": 27}
{"obj": {"type": "LogStrings", "path": ["monitoring", "stdout"], "values": [{"value": "https://app.neptune.ai/astarteam/PDLW-assignment-2/e/PDLWAS-3\n", "step": null, "ts": 1672092689.6769786}]}, "version": 28}
{"obj": {"type": "LogStrings", "path": ["monitoring", "stdout"], "values": [{"value": "Remember to stop your run once you\u2019ve finished logging your metadata (https://docs.neptune.ai/api/run#stop). It will be stopped automatically only when the notebook kernel/interactive console is terminated.\n", "step": null, "ts": 1672092689.7009785}]}, "version": 29}
{"obj": {"type": "LogFloats", "path": ["monitoring", "cpu"], "values": [{"value": 8.1, "step": null, "ts": 1672092692.0289366}]}, "version": 30}
{"obj": {"type": "LogFloats", "path": ["monitoring", "memory"], "values": [{"value": 6.857524871826172, "step": null, "ts": 1672092692.0289366}]}, "version": 31}
{"obj": {"type": "LogFloats", "path": ["monitoring", "gpu_memory"], "values": [{"value": 0.20600509643554688, "step": null, "ts": 1672092692.0289366}]}, "version": 32}
{"obj": {"type": "LogStrings", "path": ["monitoring", "stdout"], "values": [{"value": "https://app.neptune.ai/astarteam/PDLW-assignment-2/e/PDLWAS-4\n", "step": null, "ts": 1672092696.1605034}]}, "version": 33}
{"obj": {"type": "LogStrings", "path": ["monitoring", "stdout"], "values": [{"value": "Remember to stop your run once you\u2019ve finished logging your metadata (https://docs.neptune.ai/api/run#stop). It will be stopped automatically only when the notebook kernel/interactive console is terminated.\n", "step": null, "ts": 1672092696.1925573}]}, "version": 34}
{"obj": {"type": "LogFloats", "path": ["monitoring", "cpu"], "values": [{"value": 4.5, "step": null, "ts": 1672092702.0424469}]}, "version": 35}
{"obj": {"type": "LogFloats", "path": ["monitoring", "memory"], "values": [{"value": 6.851726531982422, "step": null, "ts": 1672092702.0424469}]}, "version": 36}
{"obj": {"type": "LogFloats", "path": ["monitoring", "gpu"], "values": [{"value": 17.0, "step": null, "ts": 1672092702.0424469}]}, "version": 37}
{"obj": {"type": "LogFloats", "path": ["monitoring", "gpu_memory"], "values": [{"value": 0.19398117065429688, "step": null, "ts": 1672092702.0424469}]}, "version": 38}
{"obj": {"type": "LogFloats", "path": ["monitoring", "cpu"], "values": [{"value": 3.1, "step": null, "ts": 1672092712.0569172}]}, "version": 39}
{"obj": {"type": "LogFloats", "path": ["monitoring", "memory"], "values": [{"value": 6.902072906494141, "step": null, "ts": 1672092712.0569172}]}, "version": 40}
{"obj": {"type": "LogFloats", "path": ["monitoring", "gpu"], "values": [{"value": 3.0, "step": null, "ts": 1672092712.0569172}]}, "version": 41}
{"obj": {"type": "LogFloats", "path": ["monitoring", "gpu_memory"], "values": [{"value": 0.21473312377929688, "step": null, "ts": 1672092712.0569172}]}, "version": 42}
{"obj": {"type": "LogFloats", "path": ["monitoring", "cpu"], "values": [{"value": 1.9, "step": null, "ts": 1672092722.0774207}]}, "version": 43}
{"obj": {"type": "LogFloats", "path": ["monitoring", "memory"], "values": [{"value": 6.809696197509766, "step": null, "ts": 1672092722.0774207}]}, "version": 44}
{"obj": {"type": "LogFloats", "path": ["monitoring", "gpu"], "values": [{"value": 3.0, "step": null, "ts": 1672092722.0774207}]}, "version": 45}
{"obj": {"type": "LogFloats", "path": ["monitoring", "gpu_memory"], "values": [{"value": 0.18452072143554688, "step": null, "ts": 1672092722.0774207}]}, "version": 46}
{"obj": {"type": "LogStrings", "path": ["monitoring", "stdout"], "values": [{"value": "https://app.neptune.ai/astarteam/PDLW-assignment-2/e/PDLWAS-5\n", "step": null, "ts": 1672092730.312958}]}, "version": 47}
{"obj": {"type": "LogStrings", "path": ["monitoring", "stdout"], "values": [{"value": "Remember to stop your run once you\u2019ve finished logging your metadata (https://docs.neptune.ai/api/run#stop). It will be stopped automatically only when the notebook kernel/interactive console is terminated.\n", "step": null, "ts": 1672092730.385998}]}, "version": 48}
{"obj": {"type": "LogFloats", "path": ["monitoring", "cpu"], "values": [{"value": 10.8, "step": null, "ts": 1672092732.1013312}]}, "version": 49}
{"obj": {"type": "LogFloats", "path": ["monitoring", "memory"], "values": [{"value": 6.865962982177734, "step": null, "ts": 1672092732.1013312}]}, "version": 50}
{"obj": {"type": "LogFloats", "path": ["monitoring", "gpu"], "values": [{"value": 6.0, "step": null, "ts": 1672092732.1013312}]}, "version": 51}
{"obj": {"type": "LogFloats", "path": ["monitoring", "gpu_memory"], "values": [{"value": 0.24457931518554688, "step": null, "ts": 1672092732.1013312}]}, "version": 52}
{"obj": {"type": "LogFloats", "path": ["monitoring", "cpu"], "values": [{"value": 1.6, "step": null, "ts": 1672092742.1113033}]}, "version": 53}
{"obj": {"type": "LogFloats", "path": ["monitoring", "memory"], "values": [{"value": 6.866024017333984, "step": null, "ts": 1672092742.1113033}]}, "version": 54}
{"obj": {"type": "LogFloats", "path": ["monitoring", "gpu_memory"], "values": [{"value": 0.17493820190429688, "step": null, "ts": 1672092742.1113033}]}, "version": 55}
{"obj": {"type": "LogFloats", "path": ["monitoring", "cpu"], "values": [{"value": 2.2, "step": null, "ts": 1672092752.1228929}]}, "version": 56}
{"obj": {"type": "LogFloats", "path": ["monitoring", "memory"], "values": [{"value": 6.838832855224609, "step": null, "ts": 1672092752.1228929}]}, "version": 57}
{"obj": {"type": "LogFloats", "path": ["monitoring", "gpu_memory"], "values": [{"value": 0.17426681518554688, "step": null, "ts": 1672092752.1228929}]}, "version": 58}
{"obj": {"type": "LogFloats", "path": ["monitoring", "cpu"], "values": [{"value": 2.5, "step": null, "ts": 1672092762.1318667}]}, "version": 59}
{"obj": {"type": "LogFloats", "path": ["monitoring", "memory"], "values": [{"value": 6.801998138427734, "step": null, "ts": 1672092762.1318667}]}, "version": 60}
{"obj": {"type": "LogFloats", "path": ["monitoring", "gpu"], "values": [{"value": 29.0, "step": null, "ts": 1672092762.1318667}]}, "version": 61}
{"obj": {"type": "LogFloats", "path": ["monitoring", "gpu_memory"], "values": [{"value": 0.20893478393554688, "step": null, "ts": 1672092762.1318667}]}, "version": 62}
{"obj": {"type": "LogFloats", "path": ["monitoring", "cpu"], "values": [{"value": 11.1, "step": null, "ts": 1672092772.148661}]}, "version": 63}
{"obj": {"type": "LogFloats", "path": ["monitoring", "memory"], "values": [{"value": 6.7922515869140625, "step": null, "ts": 1672092772.148661}]}, "version": 64}
{"obj": {"type": "LogFloats", "path": ["monitoring", "gpu_memory"], "values": [{"value": 0.22034835815429688, "step": null, "ts": 1672092772.148661}]}, "version": 65}
{"obj": {"type": "LogFloats", "path": ["monitoring", "cpu"], "values": [{"value": 1.1, "step": null, "ts": 1672092782.1565435}]}, "version": 66}
{"obj": {"type": "LogFloats", "path": ["monitoring", "memory"], "values": [{"value": 6.803470611572266, "step": null, "ts": 1672092782.1565435}]}, "version": 67}
{"obj": {"type": "LogFloats", "path": ["monitoring", "gpu_memory"], "values": [{"value": 0.22620773315429688, "step": null, "ts": 1672092782.1565435}]}, "version": 68}
{"obj": {"type": "LogFloats", "path": ["monitoring", "cpu"], "values": [{"value": 1.8, "step": null, "ts": 1672092792.1625643}]}, "version": 69}
{"obj": {"type": "LogFloats", "path": ["monitoring", "memory"], "values": [{"value": 6.666538238525391, "step": null, "ts": 1672092792.1625643}]}, "version": 70}
{"obj": {"type": "LogFloats", "path": ["monitoring", "gpu_memory"], "values": [{"value": 0.21747970581054688, "step": null, "ts": 1672092792.1625643}]}, "version": 71}
{"obj": {"type": "LogFloats", "path": ["monitoring", "cpu"], "values": [{"value": 0.9, "step": null, "ts": 1672092802.1798496}]}, "version": 72}
{"obj": {"type": "LogFloats", "path": ["monitoring", "memory"], "values": [{"value": 6.814849853515625, "step": null, "ts": 1672092802.1798496}]}, "version": 73}
{"obj": {"type": "LogFloats", "path": ["monitoring", "gpu_memory"], "values": [{"value": 0.06274795532226562, "step": null, "ts": 1672092802.1798496}]}, "version": 74}
{"obj": {"type": "LogFloats", "path": ["monitoring", "memory"], "values": [{"value": 6.814323425292969, "step": null, "ts": 1672092812.42722}]}, "version": 75}
{"obj": {"type": "LogFloats", "path": ["monitoring", "gpu_memory"], "values": [{"value": 0.06274795532226562, "step": null, "ts": 1672092812.42722}]}, "version": 76}
{"obj": {"type": "LogFloats", "path": ["monitoring", "cpu"], "values": [{"value": 1.4, "step": null, "ts": 1672092822.4431238}]}, "version": 77}
{"obj": {"type": "LogFloats", "path": ["monitoring", "memory"], "values": [{"value": 6.847202301025391, "step": null, "ts": 1672092822.4431238}]}, "version": 78}
{"obj": {"type": "LogFloats", "path": ["monitoring", "gpu_memory"], "values": [{"value": 0.19754409790039062, "step": null, "ts": 1672092822.4431238}]}, "version": 79}
{"obj": {"type": "LogFloats", "path": ["monitoring", "cpu"], "values": [{"value": 3.6, "step": null, "ts": 1672092832.461614}]}, "version": 80}
{"obj": {"type": "LogFloats", "path": ["monitoring", "memory"], "values": [{"value": 6.837024688720703, "step": null, "ts": 1672092832.461614}]}, "version": 81}
{"obj": {"type": "LogFloats", "path": ["monitoring", "gpu_memory"], "values": [{"value": 0.19266128540039062, "step": null, "ts": 1672092832.461614}]}, "version": 82}
{"obj": {"type": "LogFloats", "path": ["monitoring", "cpu"], "values": [{"value": 9.5, "step": null, "ts": 1672092842.4660978}]}, "version": 83}
{"obj": {"type": "LogFloats", "path": ["monitoring", "memory"], "values": [{"value": 6.922924041748047, "step": null, "ts": 1672092842.4660978}]}, "version": 84}
{"obj": {"type": "LogFloats", "path": ["monitoring", "gpu_memory"], "values": [{"value": 0.192626953125, "step": null, "ts": 1672092842.4660978}]}, "version": 85}
{"obj": {"type": "LogFloats", "path": ["monitoring", "cpu"], "values": [{"value": 2.4, "step": null, "ts": 1672092852.527899}]}, "version": 86}
{"obj": {"type": "LogFloats", "path": ["monitoring", "memory"], "values": [{"value": 7.123622894287109, "step": null, "ts": 1672092852.527899}]}, "version": 87}
{"obj": {"type": "LogFloats", "path": ["monitoring", "gpu"], "values": [{"value": 28.0, "step": null, "ts": 1672092852.527899}]}, "version": 88}
{"obj": {"type": "LogFloats", "path": ["monitoring", "gpu_memory"], "values": [{"value": 0.22097396850585938, "step": null, "ts": 1672092852.527899}]}, "version": 89}
{"obj": {"type": "LogFloats", "path": ["monitoring", "cpu"], "values": [{"value": 1.6, "step": null, "ts": 1672092862.5446222}]}, "version": 90}
{"obj": {"type": "LogFloats", "path": ["monitoring", "memory"], "values": [{"value": 7.079364776611328, "step": null, "ts": 1672092862.5446222}]}, "version": 91}
{"obj": {"type": "LogFloats", "path": ["monitoring", "gpu_memory"], "values": [{"value": 0.20326614379882812, "step": null, "ts": 1672092862.5446222}]}, "version": 92}
{"obj": {"type": "LogFloats", "path": ["monitoring", "cpu"], "values": [{"value": 2.5, "step": null, "ts": 1672092872.566595}]}, "version": 93}
{"obj": {"type": "LogFloats", "path": ["monitoring", "memory"], "values": [{"value": 7.014362335205078, "step": null, "ts": 1672092872.566595}]}, "version": 94}
{"obj": {"type": "LogFloats", "path": ["monitoring", "gpu_memory"], "values": [{"value": 0.20795440673828125, "step": null, "ts": 1672092872.566595}]}, "version": 95}
{"obj": {"type": "LogFloats", "path": ["monitoring", "cpu"], "values": [{"value": 5.5, "step": null, "ts": 1672092882.586529}]}, "version": 96}
{"obj": {"type": "LogFloats", "path": ["monitoring", "memory"], "values": [{"value": 6.987049102783203, "step": null, "ts": 1672092882.586529}]}, "version": 97}
{"obj": {"type": "LogFloats", "path": ["monitoring", "gpu"], "values": [{"value": 24.0, "step": null, "ts": 1672092882.586529}]}, "version": 98}
{"obj": {"type": "LogFloats", "path": ["monitoring", "gpu_memory"], "values": [{"value": 0.1582489013671875, "step": null, "ts": 1672092882.586529}]}, "version": 99}
{"obj": {"type": "LogFloats", "path": ["monitoring", "cpu"], "values": [{"value": 6.9, "step": null, "ts": 1672092892.6130455}]}, "version": 100}
{"obj": {"type": "LogFloats", "path": ["monitoring", "memory"], "values": [{"value": 6.943965911865234, "step": null, "ts": 1672092892.6130455}]}, "version": 101}
{"obj": {"type": "LogFloats", "path": ["monitoring", "gpu"], "values": [{"value": 21.0, "step": null, "ts": 1672092892.6130455}]}, "version": 102}
{"obj": {"type": "LogFloats", "path": ["monitoring", "gpu_memory"], "values": [{"value": 0.1713714599609375, "step": null, "ts": 1672092892.6130455}]}, "version": 103}
{"obj": {"type": "LogFloats", "path": ["monitoring", "cpu"], "values": [{"value": 4.4, "step": null, "ts": 1672092902.626467}]}, "version": 104}
{"obj": {"type": "LogFloats", "path": ["monitoring", "memory"], "values": [{"value": 6.954723358154297, "step": null, "ts": 1672092902.626467}]}, "version": 105}
{"obj": {"type": "LogFloats", "path": ["monitoring", "gpu_memory"], "values": [{"value": 0.2048797607421875, "step": null, "ts": 1672092902.626467}]}, "version": 106}
{"obj": {"type": "LogFloats", "path": ["monitoring", "cpu"], "values": [{"value": 11.4, "step": null, "ts": 1672092912.6450377}]}, "version": 107}
{"obj": {"type": "LogFloats", "path": ["monitoring", "memory"], "values": [{"value": 6.980903625488281, "step": null, "ts": 1672092912.6450377}]}, "version": 108}
{"obj": {"type": "LogFloats", "path": ["monitoring", "gpu_memory"], "values": [{"value": 0.1387176513671875, "step": null, "ts": 1672092912.6450377}]}, "version": 109}
{"obj": {"type": "LogFloats", "path": ["monitoring", "cpu"], "values": [{"value": 3.2, "step": null, "ts": 1672092922.664186}]}, "version": 110}
{"obj": {"type": "LogFloats", "path": ["monitoring", "memory"], "values": [{"value": 6.965099334716797, "step": null, "ts": 1672092922.664186}]}, "version": 111}
{"obj": {"type": "LogFloats", "path": ["monitoring", "gpu"], "values": [{"value": 20.0, "step": null, "ts": 1672092922.664186}]}, "version": 112}
{"obj": {"type": "LogFloats", "path": ["monitoring", "gpu_memory"], "values": [{"value": 0.17959976196289062, "step": null, "ts": 1672092922.664186}]}, "version": 113}
{"obj": {"type": "LogFloats", "path": ["monitoring", "cpu"], "values": [{"value": 2.5, "step": null, "ts": 1672092932.6731937}]}, "version": 114}
{"obj": {"type": "LogFloats", "path": ["monitoring", "memory"], "values": [{"value": 6.909984588623047, "step": null, "ts": 1672092932.6731937}]}, "version": 115}
{"obj": {"type": "LogFloats", "path": ["monitoring", "gpu_memory"], "values": [{"value": 0.17984390258789062, "step": null, "ts": 1672092932.6731937}]}, "version": 116}
{"obj": {"type": "LogFloats", "path": ["monitoring", "cpu"], "values": [{"value": 0.7, "step": null, "ts": 1672092942.693242}]}, "version": 117}
{"obj": {"type": "LogFloats", "path": ["monitoring", "memory"], "values": [{"value": 6.91326904296875, "step": null, "ts": 1672092942.693242}]}, "version": 118}
{"obj": {"type": "LogFloats", "path": ["monitoring", "gpu_memory"], "values": [{"value": 0.18515396118164062, "step": null, "ts": 1672092942.693242}]}, "version": 119}
{"obj": {"type": "LogFloats", "path": ["monitoring", "cpu"], "values": [{"value": 2.2, "step": null, "ts": 1672092952.6998231}]}, "version": 120}
{"obj": {"type": "LogFloats", "path": ["monitoring", "memory"], "values": [{"value": 6.943000793457031, "step": null, "ts": 1672092952.6998231}]}, "version": 121}
{"obj": {"type": "LogFloats", "path": ["monitoring", "gpu_memory"], "values": [{"value": 0.15622329711914062, "step": null, "ts": 1672092952.6998231}]}, "version": 122}
{"obj": {"type": "LogFloats", "path": ["monitoring", "cpu"], "values": [{"value": 4.3, "step": null, "ts": 1672092962.7227912}]}, "version": 123}
{"obj": {"type": "LogFloats", "path": ["monitoring", "memory"], "values": [{"value": 6.932060241699219, "step": null, "ts": 1672092962.7227912}]}, "version": 124}
{"obj": {"type": "LogFloats", "path": ["monitoring", "gpu_memory"], "values": [{"value": 0.15243911743164062, "step": null, "ts": 1672092962.7227912}]}, "version": 125}
{"obj": {"type": "LogFloats", "path": ["monitoring", "cpu"], "values": [{"value": 3.9, "step": null, "ts": 1672092972.7249286}]}, "version": 126}
{"obj": {"type": "LogFloats", "path": ["monitoring", "memory"], "values": [{"value": 6.9218902587890625, "step": null, "ts": 1672092972.7249286}]}, "version": 127}
{"obj": {"type": "LogFloats", "path": ["monitoring", "gpu_memory"], "values": [{"value": 0.19876480102539062, "step": null, "ts": 1672092972.7249286}]}, "version": 128}
{"obj": {"type": "LogFloats", "path": ["monitoring", "cpu"], "values": [{"value": 5.6, "step": null, "ts": 1672092982.747326}]}, "version": 129}
{"obj": {"type": "LogFloats", "path": ["monitoring", "memory"], "values": [{"value": 6.958549499511719, "step": null, "ts": 1672092982.747326}]}, "version": 130}
{"obj": {"type": "LogFloats", "path": ["monitoring", "gpu_memory"], "values": [{"value": 0.20048141479492188, "step": null, "ts": 1672092982.747326}]}, "version": 131}
{"obj": {"type": "LogFloats", "path": ["monitoring", "cpu"], "values": [{"value": 2.5, "step": null, "ts": 1672092992.7601557}]}, "version": 132}
{"obj": {"type": "LogFloats", "path": ["monitoring", "memory"], "values": [{"value": 6.95751953125, "step": null, "ts": 1672092992.7601557}]}, "version": 133}
{"obj": {"type": "LogFloats", "path": ["monitoring", "gpu_memory"], "values": [{"value": 0.19266891479492188, "step": null, "ts": 1672092992.7601557}]}, "version": 134}
{"obj": {"type": "LogFloats", "path": ["monitoring", "cpu"], "values": [{"value": 2.0, "step": null, "ts": 1672093002.7833233}]}, "version": 135}
{"obj": {"type": "LogFloats", "path": ["monitoring", "memory"], "values": [{"value": 6.9478912353515625, "step": null, "ts": 1672093002.7833233}]}, "version": 136}
{"obj": {"type": "LogFloats", "path": ["monitoring", "gpu_memory"], "values": [{"value": 0.16519546508789062, "step": null, "ts": 1672093002.7833233}]}, "version": 137}
{"obj": {"type": "LogFloats", "path": ["monitoring", "cpu"], "values": [{"value": 3.0, "step": null, "ts": 1672093012.7917504}]}, "version": 138}
{"obj": {"type": "LogFloats", "path": ["monitoring", "memory"], "values": [{"value": 6.955997467041016, "step": null, "ts": 1672093012.7917504}]}, "version": 139}
{"obj": {"type": "LogFloats", "path": ["monitoring", "gpu"], "values": [{"value": 29.0, "step": null, "ts": 1672093012.7917504}]}, "version": 140}
{"obj": {"type": "LogFloats", "path": ["monitoring", "gpu_memory"], "values": [{"value": 0.17667007446289062, "step": null, "ts": 1672093012.7917504}]}, "version": 141}
{"obj": {"type": "LogFloats", "path": ["monitoring", "cpu"], "values": [{"value": 4.2, "step": null, "ts": 1672093022.8129635}]}, "version": 142}
{"obj": {"type": "LogFloats", "path": ["monitoring", "memory"], "values": [{"value": 6.965579986572266, "step": null, "ts": 1672093022.8129635}]}, "version": 143}
{"obj": {"type": "LogFloats", "path": ["monitoring", "gpu"], "values": [{"value": 34.0, "step": null, "ts": 1672093022.8129635}]}, "version": 144}
{"obj": {"type": "LogFloats", "path": ["monitoring", "gpu_memory"], "values": [{"value": 0.21573257446289062, "step": null, "ts": 1672093022.8129635}]}, "version": 145}
{"obj": {"type": "LogStrings", "path": ["monitoring", "stdout"], "values": [{"value": "https://app.neptune.ai/astarteam/PDLW-assignment-2/e/PDLWAS-6\n", "step": null, "ts": 1672093027.1447744}]}, "version": 146}
{"obj": {"type": "LogStrings", "path": ["monitoring", "stdout"], "values": [{"value": "Remember to stop your run once you\u2019ve finished logging your metadata (https://docs.neptune.ai/api/run#stop). It will be stopped automatically only when the notebook kernel/interactive console is terminated.\n", "step": null, "ts": 1672093027.1848433}]}, "version": 147}
{"obj": {"type": "LogFloats", "path": ["monitoring", "cpu"], "values": [{"value": 2.8, "step": null, "ts": 1672093032.8303277}]}, "version": 148}
{"obj": {"type": "LogFloats", "path": ["monitoring", "memory"], "values": [{"value": 7.021202087402344, "step": null, "ts": 1672093032.8303277}]}, "version": 149}
{"obj": {"type": "LogFloats", "path": ["monitoring", "gpu_memory"], "values": [{"value": 0.21481704711914062, "step": null, "ts": 1672093032.8303277}]}, "version": 150}
{"obj": {"type": "LogFloats", "path": ["monitoring", "cpu"], "values": [{"value": 1.9, "step": null, "ts": 1672093042.848023}]}, "version": 151}
{"obj": {"type": "LogFloats", "path": ["monitoring", "memory"], "values": [{"value": 6.971218109130859, "step": null, "ts": 1672093042.848023}]}, "version": 152}
{"obj": {"type": "LogFloats", "path": ["monitoring", "gpu_memory"], "values": [{"value": 0.15115737915039062, "step": null, "ts": 1672093042.848023}]}, "version": 153}
{"obj": {"type": "LogFloats", "path": ["monitoring", "cpu"], "values": [{"value": 6.6, "step": null, "ts": 1672093052.8663173}]}, "version": 154}
{"obj": {"type": "LogFloats", "path": ["monitoring", "memory"], "values": [{"value": 6.970054626464844, "step": null, "ts": 1672093052.8663173}]}, "version": 155}
{"obj": {"type": "LogFloats", "path": ["monitoring", "gpu"], "values": [{"value": 3.0, "step": null, "ts": 1672093052.8663173}]}, "version": 156}
{"obj": {"type": "LogFloats", "path": ["monitoring", "gpu_memory"], "values": [{"value": 0.21554946899414062, "step": null, "ts": 1672093052.8663173}]}, "version": 157}
{"obj": {"type": "LogFloats", "path": ["monitoring", "cpu"], "values": [{"value": 14.1, "step": null, "ts": 1672093062.8867204}]}, "version": 158}
{"obj": {"type": "LogFloats", "path": ["monitoring", "memory"], "values": [{"value": 7.020515441894531, "step": null, "ts": 1672093062.8867204}]}, "version": 159}
{"obj": {"type": "LogFloats", "path": ["monitoring", "gpu_memory"], "values": [{"value": 0.18594741821289062, "step": null, "ts": 1672093062.8867204}]}, "version": 160}
{"obj": {"type": "LogFloats", "path": ["monitoring", "cpu"], "values": [{"value": 8.9, "step": null, "ts": 1672093072.904184}]}, "version": 161}
{"obj": {"type": "LogFloats", "path": ["monitoring", "memory"], "values": [{"value": 6.965766906738281, "step": null, "ts": 1672093072.904184}]}, "version": 162}
{"obj": {"type": "LogFloats", "path": ["monitoring", "gpu"], "values": [{"value": 38.0, "step": null, "ts": 1672093072.904184}]}, "version": 163}
{"obj": {"type": "LogFloats", "path": ["monitoring", "gpu_memory"], "values": [{"value": 0.20535659790039062, "step": null, "ts": 1672093072.904184}]}, "version": 164}
{"obj": {"type": "LogFloats", "path": ["monitoring", "cpu"], "values": [{"value": 7.5, "step": null, "ts": 1672093082.9262953}]}, "version": 165}
{"obj": {"type": "LogFloats", "path": ["monitoring", "memory"], "values": [{"value": 6.9807586669921875, "step": null, "ts": 1672093082.9262953}]}, "version": 166}
{"obj": {"type": "LogFloats", "path": ["monitoring", "gpu"], "values": [{"value": 36.0, "step": null, "ts": 1672093082.9262953}]}, "version": 167}
{"obj": {"type": "LogFloats", "path": ["monitoring", "gpu_memory"], "values": [{"value": 0.20907974243164062, "step": null, "ts": 1672093082.9262953}]}, "version": 168}
{"obj": {"type": "LogStrings", "path": ["monitoring", "stdout"], "values": [{"value": "https://app.neptune.ai/astarteam/PDLW-assignment-2/e/PDLWAS-7\n", "step": null, "ts": 1672093087.658169}]}, "version": 169}
{"obj": {"type": "LogStrings", "path": ["monitoring", "stdout"], "values": [{"value": "Remember to stop your run once you\u2019ve finished logging your metadata (https://docs.neptune.ai/api/run#stop). It will be stopped automatically only when the notebook kernel/interactive console is terminated.\n", "step": null, "ts": 1672093087.7066758}]}, "version": 170}
{"obj": {"type": "LogFloats", "path": ["monitoring", "cpu"], "values": [{"value": 11.7, "step": null, "ts": 1672093092.9960487}]}, "version": 171}
{"obj": {"type": "LogFloats", "path": ["monitoring", "memory"], "values": [{"value": 7.4443206787109375, "step": null, "ts": 1672093092.9960487}]}, "version": 172}
{"obj": {"type": "LogFloats", "path": ["monitoring", "gpu_memory"], "values": [{"value": 0.19668960571289062, "step": null, "ts": 1672093092.9960487}]}, "version": 173}
{"obj": {"type": "LogFloats", "path": ["monitoring", "cpu"], "values": [{"value": 5.5, "step": null, "ts": 1672093103.085426}]}, "version": 174}
{"obj": {"type": "LogFloats", "path": ["monitoring", "memory"], "values": [{"value": 7.412128448486328, "step": null, "ts": 1672093103.085426}]}, "version": 175}
{"obj": {"type": "LogFloats", "path": ["monitoring", "gpu_memory"], "values": [{"value": 0.18246841430664062, "step": null, "ts": 1672093103.085426}]}, "version": 176}
{"obj": {"type": "LogFloats", "path": ["monitoring", "cpu"], "values": [{"value": 1.2, "step": null, "ts": 1672093113.107344}]}, "version": 177}
{"obj": {"type": "LogFloats", "path": ["monitoring", "memory"], "values": [{"value": 7.4065704345703125, "step": null, "ts": 1672093113.107344}]}, "version": 178}
{"obj": {"type": "LogFloats", "path": ["monitoring", "gpu_memory"], "values": [{"value": 0.14694595336914062, "step": null, "ts": 1672093113.107344}]}, "version": 179}
{"obj": {"type": "LogFloats", "path": ["monitoring", "cpu"], "values": [{"value": 3.3, "step": null, "ts": 1672093123.1116118}]}, "version": 180}
{"obj": {"type": "LogFloats", "path": ["monitoring", "memory"], "values": [{"value": 7.39886474609375, "step": null, "ts": 1672093123.1116118}]}, "version": 181}
{"obj": {"type": "LogFloats", "path": ["monitoring", "gpu"], "values": [{"value": 29.0, "step": null, "ts": 1672093123.1116118}]}, "version": 182}
{"obj": {"type": "LogFloats", "path": ["monitoring", "gpu_memory"], "values": [{"value": 0.18033218383789062, "step": null, "ts": 1672093123.1116118}]}, "version": 183}
{"obj": {"type": "LogFloats", "path": ["monitoring", "cpu"], "values": [{"value": 11.2, "step": null, "ts": 1672093133.1368425}]}, "version": 184}
{"obj": {"type": "LogFloats", "path": ["monitoring", "memory"], "values": [{"value": 7.364284515380859, "step": null, "ts": 1672093133.1368425}]}, "version": 185}
{"obj": {"type": "LogFloats", "path": ["monitoring", "gpu"], "values": [{"value": 35.0, "step": null, "ts": 1672093133.1368425}]}, "version": 186}
{"obj": {"type": "LogFloats", "path": ["monitoring", "gpu_memory"], "values": [{"value": 0.21451187133789062, "step": null, "ts": 1672093133.1368425}]}, "version": 187}
{"obj": {"type": "LogFloats", "path": ["monitoring", "cpu"], "values": [{"value": 3.5, "step": null, "ts": 1672093143.178329}]}, "version": 188}
{"obj": {"type": "LogFloats", "path": ["monitoring", "memory"], "values": [{"value": 7.337848663330078, "step": null, "ts": 1672093143.178329}]}, "version": 189}
{"obj": {"type": "LogFloats", "path": ["monitoring", "gpu_memory"], "values": [{"value": 0.16769790649414062, "step": null, "ts": 1672093143.178329}]}, "version": 190}
{"obj": {"type": "LogFloats", "path": ["monitoring", "cpu"], "values": [{"value": 7.6, "step": null, "ts": 1672093153.1991973}]}, "version": 191}
{"obj": {"type": "LogFloats", "path": ["monitoring", "memory"], "values": [{"value": 7.452301025390625, "step": null, "ts": 1672093153.1991973}]}, "version": 192}
{"obj": {"type": "LogFloats", "path": ["monitoring", "gpu_memory"], "values": [{"value": 0.21176528930664062, "step": null, "ts": 1672093153.1991973}]}, "version": 193}
{"obj": {"type": "LogFloats", "path": ["monitoring", "cpu"], "values": [{"value": 4.3, "step": null, "ts": 1672093163.214548}]}, "version": 194}
{"obj": {"type": "LogFloats", "path": ["monitoring", "memory"], "values": [{"value": 7.386226654052734, "step": null, "ts": 1672093163.214548}]}, "version": 195}
{"obj": {"type": "LogFloats", "path": ["monitoring", "gpu_memory"], "values": [{"value": 0.18124771118164062, "step": null, "ts": 1672093163.214548}]}, "version": 196}
{"obj": {"type": "LogFloats", "path": ["monitoring", "cpu"], "values": [{"value": 2.0, "step": null, "ts": 1672093173.247525}]}, "version": 197}
{"obj": {"type": "LogFloats", "path": ["monitoring", "memory"], "values": [{"value": 7.334922790527344, "step": null, "ts": 1672093173.247525}]}, "version": 198}
{"obj": {"type": "LogFloats", "path": ["monitoring", "gpu_memory"], "values": [{"value": 0.18814468383789062, "step": null, "ts": 1672093173.247525}]}, "version": 199}
{"obj": {"type": "LogFloats", "path": ["monitoring", "cpu"], "values": [{"value": 2.0, "step": null, "ts": 1672093183.2665298}]}, "version": 200}
{"obj": {"type": "LogFloats", "path": ["monitoring", "memory"], "values": [{"value": 7.34613037109375, "step": null, "ts": 1672093183.2665298}]}, "version": 201}
{"obj": {"type": "LogFloats", "path": ["monitoring", "gpu"], "values": [{"value": 13.0, "step": null, "ts": 1672093183.2665298}]}, "version": 202}
{"obj": {"type": "LogFloats", "path": ["monitoring", "gpu_memory"], "values": [{"value": 0.18991470336914062, "step": null, "ts": 1672093183.2665298}]}, "version": 203}
{"obj": {"type": "LogFloats", "path": ["monitoring", "cpu"], "values": [{"value": 7.1, "step": null, "ts": 1672093193.2893817}]}, "version": 204}
{"obj": {"type": "LogFloats", "path": ["monitoring", "memory"], "values": [{"value": 7.350471496582031, "step": null, "ts": 1672093193.2893817}]}, "version": 205}
{"obj": {"type": "LogFloats", "path": ["monitoring", "gpu_memory"], "values": [{"value": 0.22397232055664062, "step": null, "ts": 1672093193.2893817}]}, "version": 206}
{"obj": {"type": "LogFloats", "path": ["monitoring", "cpu"], "values": [{"value": 7.4, "step": null, "ts": 1672093203.290924}]}, "version": 207}
{"obj": {"type": "LogFloats", "path": ["monitoring", "memory"], "values": [{"value": 7.377471923828125, "step": null, "ts": 1672093203.290924}]}, "version": 208}
{"obj": {"type": "LogFloats", "path": ["monitoring", "gpu_memory"], "values": [{"value": 0.21237564086914062, "step": null, "ts": 1672093203.290924}]}, "version": 209}
{"obj": {"type": "LogFloats", "path": ["monitoring", "cpu"], "values": [{"value": 1.5, "step": null, "ts": 1672093213.299143}]}, "version": 210}
{"obj": {"type": "LogFloats", "path": ["monitoring", "memory"], "values": [{"value": 7.379791259765625, "step": null, "ts": 1672093213.299143}]}, "version": 211}
{"obj": {"type": "LogFloats", "path": ["monitoring", "gpu_memory"], "values": [{"value": 0.18783950805664062, "step": null, "ts": 1672093213.299143}]}, "version": 212}
{"obj": {"type": "LogStrings", "path": ["monitoring", "stdout"], "values": [{"value": "https://app.neptune.ai/astarteam/PDLW-assignment-2/e/PDLWAS-8\n", "step": null, "ts": 1672093218.621562}]}, "version": 213}
{"obj": {"type": "LogStrings", "path": ["monitoring", "stdout"], "values": [{"value": "Remember to stop your run once you\u2019ve finished logging your metadata (https://docs.neptune.ai/api/run#stop). It will be stopped automatically only when the notebook kernel/interactive console is terminated.\n", "step": null, "ts": 1672093218.65161}]}, "version": 214}
{"obj": {"type": "LogFloats", "path": ["monitoring", "cpu"], "values": [{"value": 18.0, "step": null, "ts": 1672093223.3179379}]}, "version": 215}
{"obj": {"type": "LogFloats", "path": ["monitoring", "memory"], "values": [{"value": 7.846305847167969, "step": null, "ts": 1672093223.3179379}]}, "version": 216}
{"obj": {"type": "LogFloats", "path": ["monitoring", "gpu"], "values": [{"value": 31.0, "step": null, "ts": 1672093223.3179379}]}, "version": 217}
{"obj": {"type": "LogFloats", "path": ["monitoring", "gpu_memory"], "values": [{"value": 0.21689224243164062, "step": null, "ts": 1672093223.3179379}]}, "version": 218}
{"obj": {"type": "LogStrings", "path": ["monitoring", "stdout"], "values": [{"value": "loss=3.059, 0 samples / 16996", "step": null, "ts": 1672093231.3478646}]}, "version": 219}
{"obj": {"type": "LogStrings", "path": ["monitoring", "stdout"], "values": [{"value": "\n", "step": null, "ts": 1672093231.3558784}]}, "version": 220}
{"obj": {"type": "LogFloats", "path": ["monitoring", "cpu"], "values": [{"value": 20.7, "step": null, "ts": 1672093233.3382595}]}, "version": 221}
{"obj": {"type": "LogFloats", "path": ["monitoring", "memory"], "values": [{"value": 7.938510894775391, "step": null, "ts": 1672093233.3382595}]}, "version": 222}
{"obj": {"type": "LogFloats", "path": ["monitoring", "gpu"], "values": [{"value": 32.0, "step": null, "ts": 1672093233.3382595}]}, "version": 223}
{"obj": {"type": "LogFloats", "path": ["monitoring", "gpu_memory"], "values": [{"value": 0.15250015258789062, "step": null, "ts": 1672093233.3382595}]}, "version": 224}
{"obj": {"type": "LogFloats", "path": ["monitoring", "cpu"], "values": [{"value": 2.9, "step": null, "ts": 1672093243.3552625}]}, "version": 225}
{"obj": {"type": "LogFloats", "path": ["monitoring", "memory"], "values": [{"value": 7.848918914794922, "step": null, "ts": 1672093243.3552625}]}, "version": 226}
{"obj": {"type": "LogFloats", "path": ["monitoring", "gpu_memory"], "values": [{"value": 0.17325210571289062, "step": null, "ts": 1672093243.3552625}]}, "version": 227}
{"obj": {"type": "LogFloats", "path": ["monitoring", "cpu"], "values": [{"value": 3.2, "step": null, "ts": 1672093253.3679345}]}, "version": 228}
{"obj": {"type": "LogFloats", "path": ["monitoring", "memory"], "values": [{"value": 7.822540283203125, "step": null, "ts": 1672093253.3679345}]}, "version": 229}
{"obj": {"type": "LogFloats", "path": ["monitoring", "gpu"], "values": [{"value": 29.0, "step": null, "ts": 1672093253.3679345}]}, "version": 230}
{"obj": {"type": "LogFloats", "path": ["monitoring", "gpu_memory"], "values": [{"value": 0.19894790649414062, "step": null, "ts": 1672093253.3679345}]}, "version": 231}
{"obj": {"type": "LogFloats", "path": ["monitoring", "cpu"], "values": [{"value": 0.8, "step": null, "ts": 1672093263.3759043}]}, "version": 232}
{"obj": {"type": "LogFloats", "path": ["monitoring", "memory"], "values": [{"value": 7.821952819824219, "step": null, "ts": 1672093263.3759043}]}, "version": 233}
{"obj": {"type": "LogFloats", "path": ["monitoring", "gpu_memory"], "values": [{"value": 0.19137954711914062, "step": null, "ts": 1672093263.3759043}]}, "version": 234}
{"obj": {"type": "LogFloats", "path": ["monitoring", "cpu"], "values": [{"value": 9.9, "step": null, "ts": 1672093273.3871956}]}, "version": 235}
{"obj": {"type": "LogFloats", "path": ["monitoring", "memory"], "values": [{"value": 8.046276092529297, "step": null, "ts": 1672093273.3871956}]}, "version": 236}
{"obj": {"type": "LogFloats", "path": ["monitoring", "gpu"], "values": [{"value": 6.0, "step": null, "ts": 1672093273.3871956}]}, "version": 237}
{"obj": {"type": "LogFloats", "path": ["monitoring", "gpu_memory"], "values": [{"value": 0.18196487426757812, "step": null, "ts": 1672093273.3871956}]}, "version": 238}
{"obj": {"type": "LogFloats", "path": ["monitoring", "cpu"], "values": [{"value": 6.0, "step": null, "ts": 1672093283.430419}]}, "version": 239}
{"obj": {"type": "LogFloats", "path": ["monitoring", "memory"], "values": [{"value": 7.969722747802734, "step": null, "ts": 1672093283.430419}]}, "version": 240}
{"obj": {"type": "LogFloats", "path": ["monitoring", "gpu_memory"], "values": [{"value": 0.22517776489257812, "step": null, "ts": 1672093283.430419}]}, "version": 241}
{"obj": {"type": "LogFloats", "path": ["monitoring", "cpu"], "values": [{"value": 100.0, "step": null, "ts": 1672093295.292977}]}, "version": 242}
{"obj": {"type": "LogFloats", "path": ["monitoring", "memory"], "values": [{"value": 8.319877624511719, "step": null, "ts": 1672093295.292977}]}, "version": 243}
{"obj": {"type": "LogFloats", "path": ["monitoring", "gpu"], "values": [{"value": 40.0, "step": null, "ts": 1672093295.292977}]}, "version": 244}
{"obj": {"type": "LogFloats", "path": ["monitoring", "gpu_memory"], "values": [{"value": 0.19704055786132812, "step": null, "ts": 1672093295.292977}]}, "version": 245}
{"obj": {"type": "LogStrings", "path": ["monitoring", "stdout"], "values": [{"value": "https://app.neptune.ai/astarteam/PDLW-assignment-2/e/PDLWAS-9\n", "step": null, "ts": 1672093295.9469132}]}, "version": 246}
{"obj": {"type": "LogStrings", "path": ["monitoring", "stdout"], "values": [{"value": "Remember to stop your run once you\u2019ve finished logging your metadata (https://docs.neptune.ai/api/run#stop). It will be stopped automatically only when the notebook kernel/interactive console is terminated.\n", "step": null, "ts": 1672093296.0368273}]}, "version": 247}
{"obj": {"type": "LogFloats", "path": ["monitoring", "memory"], "values": [{"value": 8.112781524658203, "step": null, "ts": 1672093305.343466}]}, "version": 248}
{"obj": {"type": "LogFloats", "path": ["monitoring", "gpu"], "values": [{"value": 32.0, "step": null, "ts": 1672093305.343466}]}, "version": 249}
{"obj": {"type": "LogFloats", "path": ["monitoring", "gpu_memory"], "values": [{"value": 0.18654251098632812, "step": null, "ts": 1672093305.343466}]}, "version": 250}
{"obj": {"type": "LogFloats", "path": ["monitoring", "cpu"], "values": [{"value": 10.3, "step": null, "ts": 1672093315.4374905}]}, "version": 251}
{"obj": {"type": "LogFloats", "path": ["monitoring", "memory"], "values": [{"value": 8.094181060791016, "step": null, "ts": 1672093315.4374905}]}, "version": 252}
{"obj": {"type": "LogFloats", "path": ["monitoring", "gpu_memory"], "values": [{"value": 0.19014358520507812, "step": null, "ts": 1672093315.4374905}]}, "version": 253}
{"obj": {"type": "LogFloats", "path": ["monitoring", "cpu"], "values": [{"value": 14.3, "step": null, "ts": 1672093325.5576658}]}, "version": 254}
{"obj": {"type": "LogFloats", "path": ["monitoring", "memory"], "values": [{"value": 8.1309814453125, "step": null, "ts": 1672093325.5576658}]}, "version": 255}
{"obj": {"type": "LogFloats", "path": ["monitoring", "gpu"], "values": [{"value": 25.0, "step": null, "ts": 1672093325.5576658}]}, "version": 256}
{"obj": {"type": "LogFloats", "path": ["monitoring", "gpu_memory"], "values": [{"value": 0.18196487426757812, "step": null, "ts": 1672093325.5576658}]}, "version": 257}
{"obj": {"type": "LogFloats", "path": ["monitoring", "memory"], "values": [{"value": 7.922416687011719, "step": null, "ts": 1672093335.6849482}]}, "version": 258}
{"obj": {"type": "LogFloats", "path": ["monitoring", "gpu_memory"], "values": [{"value": 0.22175979614257812, "step": null, "ts": 1672093335.6849482}]}, "version": 259}
{"obj": {"type": "LogFloats", "path": ["monitoring", "memory"], "values": [{"value": 7.973903656005859, "step": null, "ts": 1672093345.7754653}]}, "version": 260}
{"obj": {"type": "LogFloats", "path": ["monitoring", "gpu"], "values": [{"value": 29.0, "step": null, "ts": 1672093345.7754653}]}, "version": 261}
{"obj": {"type": "LogFloats", "path": ["monitoring", "gpu_memory"], "values": [{"value": 0.11081695556640625, "step": null, "ts": 1672093345.7754653}]}, "version": 262}
{"obj": {"type": "LogFloats", "path": ["monitoring", "memory"], "values": [{"value": 8.060348510742188, "step": null, "ts": 1672093355.9261138}]}, "version": 263}
{"obj": {"type": "LogFloats", "path": ["monitoring", "gpu_memory"], "values": [{"value": 0.06274795532226562, "step": null, "ts": 1672093355.9261138}]}, "version": 264}
{"obj": {"type": "LogFloats", "path": ["monitoring", "cpu"], "values": [{"value": 12.5, "step": null, "ts": 1672093366.0074117}]}, "version": 265}
{"obj": {"type": "LogFloats", "path": ["monitoring", "memory"], "values": [{"value": 8.056880950927734, "step": null, "ts": 1672093366.0074117}]}, "version": 266}
{"obj": {"type": "LogFloats", "path": ["monitoring", "gpu_memory"], "values": [{"value": 0.06274795532226562, "step": null, "ts": 1672093366.0074117}]}, "version": 267}
{"obj": {"type": "LogFloats", "path": ["monitoring", "memory"], "values": [{"value": 8.055473327636719, "step": null, "ts": 1672093376.150934}]}, "version": 268}
{"obj": {"type": "LogFloats", "path": ["monitoring", "gpu_memory"], "values": [{"value": 0.06274795532226562, "step": null, "ts": 1672093376.150934}]}, "version": 269}
{"obj": {"type": "LogFloats", "path": ["monitoring", "cpu"], "values": [{"value": 12.5, "step": null, "ts": 1672093386.3856442}]}, "version": 270}
{"obj": {"type": "LogFloats", "path": ["monitoring", "memory"], "values": [{"value": 8.012443542480469, "step": null, "ts": 1672093386.3856442}]}, "version": 271}
{"obj": {"type": "LogFloats", "path": ["monitoring", "gpu_memory"], "values": [{"value": 0.1539154052734375, "step": null, "ts": 1672093386.3856442}]}, "version": 272}
{"obj": {"type": "LogFloats", "path": ["monitoring", "cpu"], "values": [{"value": 28.6, "step": null, "ts": 1672093396.4492114}]}, "version": 273}
{"obj": {"type": "LogFloats", "path": ["monitoring", "memory"], "values": [{"value": 8.152999877929688, "step": null, "ts": 1672093396.4492114}]}, "version": 274}
{"obj": {"type": "LogFloats", "path": ["monitoring", "gpu_memory"], "values": [{"value": 0.18145751953125, "step": null, "ts": 1672093396.4492114}]}, "version": 275}
{"obj": {"type": "LogFloats", "path": ["monitoring", "memory"], "values": [{"value": 8.138065338134766, "step": null, "ts": 1672093406.5180583}]}, "version": 276}
{"obj": {"type": "LogFloats", "path": ["monitoring", "gpu_memory"], "values": [{"value": 0.21319580078125, "step": null, "ts": 1672093406.5180583}]}, "version": 277}
{"obj": {"type": "LogFloats", "path": ["monitoring", "memory"], "values": [{"value": 8.11935043334961, "step": null, "ts": 1672093416.550087}]}, "version": 278}
{"obj": {"type": "LogFloats", "path": ["monitoring", "gpu"], "values": [{"value": 3.0, "step": null, "ts": 1672093416.550087}]}, "version": 279}
{"obj": {"type": "LogFloats", "path": ["monitoring", "gpu_memory"], "values": [{"value": 0.1915283203125, "step": null, "ts": 1672093416.550087}]}, "version": 280}
{"obj": {"type": "LogFloats", "path": ["monitoring", "memory"], "values": [{"value": 8.122730255126953, "step": null, "ts": 1672093426.5907016}]}, "version": 281}
{"obj": {"type": "LogFloats", "path": ["monitoring", "gpu"], "values": [{"value": 24.0, "step": null, "ts": 1672093426.5907016}]}, "version": 282}
{"obj": {"type": "LogFloats", "path": ["monitoring", "gpu_memory"], "values": [{"value": 0.223388671875, "step": null, "ts": 1672093426.5907016}]}, "version": 283}
{"obj": {"type": "LogFloats", "path": ["monitoring", "memory"], "values": [{"value": 8.233272552490234, "step": null, "ts": 1672093436.649482}]}, "version": 284}
{"obj": {"type": "LogFloats", "path": ["monitoring", "gpu"], "values": [{"value": 3.0, "step": null, "ts": 1672093436.649482}]}, "version": 285}
{"obj": {"type": "LogFloats", "path": ["monitoring", "gpu_memory"], "values": [{"value": 0.21759033203125, "step": null, "ts": 1672093436.649482}]}, "version": 286}
{"obj": {"type": "LogFloats", "path": ["monitoring", "cpu"], "values": [{"value": 2.1, "step": null, "ts": 1672093446.6921954}]}, "version": 287}
{"obj": {"type": "LogFloats", "path": ["monitoring", "memory"], "values": [{"value": 8.155342102050781, "step": null, "ts": 1672093446.6921954}]}, "version": 288}
{"obj": {"type": "LogFloats", "path": ["monitoring", "gpu"], "values": [{"value": 3.0, "step": null, "ts": 1672093446.6921954}]}, "version": 289}
{"obj": {"type": "LogFloats", "path": ["monitoring", "gpu_memory"], "values": [{"value": 0.1798095703125, "step": null, "ts": 1672093446.6921954}]}, "version": 290}
{"obj": {"type": "LogFloats", "path": ["monitoring", "memory"], "values": [{"value": 8.134109497070312, "step": null, "ts": 1672093456.7320704}]}, "version": 291}
{"obj": {"type": "LogFloats", "path": ["monitoring", "gpu_memory"], "values": [{"value": 0.19830322265625, "step": null, "ts": 1672093456.7320704}]}, "version": 292}
{"obj": {"type": "LogFloats", "path": ["monitoring", "memory"], "values": [{"value": 8.135944366455078, "step": null, "ts": 1672093466.7641032}]}, "version": 293}
{"obj": {"type": "LogFloats", "path": ["monitoring", "gpu"], "values": [{"value": 6.0, "step": null, "ts": 1672093466.7641032}]}, "version": 294}
{"obj": {"type": "LogFloats", "path": ["monitoring", "gpu_memory"], "values": [{"value": 0.1776123046875, "step": null, "ts": 1672093466.7641032}]}, "version": 295}
{"obj": {"type": "LogFloats", "path": ["monitoring", "memory"], "values": [{"value": 8.090194702148438, "step": null, "ts": 1672093476.7806203}]}, "version": 296}
{"obj": {"type": "LogFloats", "path": ["monitoring", "gpu"], "values": [{"value": 6.0, "step": null, "ts": 1672093476.7806203}]}, "version": 297}
{"obj": {"type": "LogFloats", "path": ["monitoring", "gpu_memory"], "values": [{"value": 0.1768798828125, "step": null, "ts": 1672093476.7806203}]}, "version": 298}
{"obj": {"type": "LogFloats", "path": ["monitoring", "memory"], "values": [{"value": 8.100532531738281, "step": null, "ts": 1672093486.811918}]}, "version": 299}
{"obj": {"type": "LogFloats", "path": ["monitoring", "gpu"], "values": [{"value": 24.0, "step": null, "ts": 1672093486.811918}]}, "version": 300}
{"obj": {"type": "LogFloats", "path": ["monitoring", "gpu_memory"], "values": [{"value": 0.1790771484375, "step": null, "ts": 1672093486.811918}]}, "version": 301}
{"obj": {"type": "LogFloats", "path": ["monitoring", "cpu"], "values": [{"value": 12.5, "step": null, "ts": 1672093496.8565724}]}, "version": 302}
{"obj": {"type": "LogFloats", "path": ["monitoring", "memory"], "values": [{"value": 8.0850830078125, "step": null, "ts": 1672093496.8565724}]}, "version": 303}
{"obj": {"type": "LogFloats", "path": ["monitoring", "gpu"], "values": [{"value": 12.0, "step": null, "ts": 1672093496.8565724}]}, "version": 304}
{"obj": {"type": "LogFloats", "path": ["monitoring", "gpu_memory"], "values": [{"value": 0.17626953125, "step": null, "ts": 1672093496.8565724}]}, "version": 305}
{"obj": {"type": "LogFloats", "path": ["monitoring", "cpu"], "values": [{"value": 12.5, "step": null, "ts": 1672093506.9057577}]}, "version": 306}
{"obj": {"type": "LogFloats", "path": ["monitoring", "memory"], "values": [{"value": 8.128856658935547, "step": null, "ts": 1672093506.9057577}]}, "version": 307}
{"obj": {"type": "LogFloats", "path": ["monitoring", "gpu_memory"], "values": [{"value": 0.18341064453125, "step": null, "ts": 1672093506.9057577}]}, "version": 308}
{"obj": {"type": "LogFloats", "path": ["monitoring", "memory"], "values": [{"value": 8.118335723876953, "step": null, "ts": 1672093516.925571}]}, "version": 309}
{"obj": {"type": "LogFloats", "path": ["monitoring", "gpu_memory"], "values": [{"value": 0.1727294921875, "step": null, "ts": 1672093516.925571}]}, "version": 310}
{"obj": {"type": "LogFloats", "path": ["monitoring", "memory"], "values": [{"value": 8.117534637451172, "step": null, "ts": 1672093526.9734883}]}, "version": 311}
{"obj": {"type": "LogFloats", "path": ["monitoring", "gpu"], "values": [{"value": 3.0, "step": null, "ts": 1672093526.9734883}]}, "version": 312}
{"obj": {"type": "LogFloats", "path": ["monitoring", "gpu_memory"], "values": [{"value": 0.1727294921875, "step": null, "ts": 1672093526.9734883}]}, "version": 313}
{"obj": {"type": "LogFloats", "path": ["monitoring", "memory"], "values": [{"value": 8.117305755615234, "step": null, "ts": 1672093537.0036821}]}, "version": 314}
{"obj": {"type": "LogFloats", "path": ["monitoring", "gpu"], "values": [{"value": 6.0, "step": null, "ts": 1672093537.0036821}]}, "version": 315}
{"obj": {"type": "LogFloats", "path": ["monitoring", "gpu_memory"], "values": [{"value": 0.1727294921875, "step": null, "ts": 1672093537.0036821}]}, "version": 316}
{"obj": {"type": "LogFloats", "path": ["monitoring", "memory"], "values": [{"value": 8.12152099609375, "step": null, "ts": 1672093547.0332887}]}, "version": 317}
{"obj": {"type": "LogFloats", "path": ["monitoring", "gpu"], "values": [{"value": 6.0, "step": null, "ts": 1672093547.0332887}]}, "version": 318}
{"obj": {"type": "LogFloats", "path": ["monitoring", "gpu_memory"], "values": [{"value": 0.168701171875, "step": null, "ts": 1672093547.0332887}]}, "version": 319}
{"obj": {"type": "LogFloats", "path": ["monitoring", "memory"], "values": [{"value": 8.122447967529297, "step": null, "ts": 1672093557.0638547}]}, "version": 320}
{"obj": {"type": "LogFloats", "path": ["monitoring", "gpu"], "values": [{"value": 6.0, "step": null, "ts": 1672093557.0638547}]}, "version": 321}
{"obj": {"type": "LogFloats", "path": ["monitoring", "gpu_memory"], "values": [{"value": 0.168701171875, "step": null, "ts": 1672093557.0638547}]}, "version": 322}
{"obj": {"type": "LogFloats", "path": ["monitoring", "memory"], "values": [{"value": 8.119277954101562, "step": null, "ts": 1672093567.1093535}]}, "version": 323}
{"obj": {"type": "LogFloats", "path": ["monitoring", "gpu"], "values": [{"value": 2.0, "step": null, "ts": 1672093567.1093535}]}, "version": 324}
{"obj": {"type": "LogFloats", "path": ["monitoring", "gpu_memory"], "values": [{"value": 0.168701171875, "step": null, "ts": 1672093567.1093535}]}, "version": 325}
{"obj": {"type": "LogFloats", "path": ["monitoring", "cpu"], "values": [{"value": 11.0, "step": null, "ts": 1672093577.126525}]}, "version": 326}
{"obj": {"type": "LogFloats", "path": ["monitoring", "memory"], "values": [{"value": 8.09771728515625, "step": null, "ts": 1672093577.126525}]}, "version": 327}
{"obj": {"type": "LogFloats", "path": ["monitoring", "gpu_memory"], "values": [{"value": 0.168701171875, "step": null, "ts": 1672093577.126525}]}, "version": 328}
{"obj": {"type": "LogFloats", "path": ["monitoring", "memory"], "values": [{"value": 8.11544418334961, "step": null, "ts": 1672093587.1781764}]}, "version": 329}
{"obj": {"type": "LogFloats", "path": ["monitoring", "gpu_memory"], "values": [{"value": 0.17462158203125, "step": null, "ts": 1672093587.1781764}]}, "version": 330}
{"obj": {"type": "LogFloats", "path": ["monitoring", "memory"], "values": [{"value": 8.115070343017578, "step": null, "ts": 1672093597.242821}]}, "version": 331}
{"obj": {"type": "LogFloats", "path": ["monitoring", "gpu"], "values": [{"value": 43.0, "step": null, "ts": 1672093597.242821}]}, "version": 332}
{"obj": {"type": "LogFloats", "path": ["monitoring", "gpu_memory"], "values": [{"value": 0.1746826171875, "step": null, "ts": 1672093597.242821}]}, "version": 333}
{"obj": {"type": "LogStrings", "path": ["monitoring", "stdout"], "values": [{"value": "https://app.neptune.ai/astarteam/PDLW-assignment-2/e/PDLWAS-10\n", "step": null, "ts": 1672093606.9843695}]}, "version": 334}
{"obj": {"type": "LogStrings", "path": ["monitoring", "stdout"], "values": [{"value": "Remember to stop your run once you\u2019ve finished logging your metadata (https://docs.neptune.ai/api/run#stop). It will be stopped automatically only when the notebook kernel/interactive console is terminated.\n", "step": null, "ts": 1672093607.031577}]}, "version": 335}
{"obj": {"type": "LogFloats", "path": ["monitoring", "memory"], "values": [{"value": 7.992946624755859, "step": null, "ts": 1672093607.3190548}]}, "version": 336}
{"obj": {"type": "LogFloats", "path": ["monitoring", "gpu"], "values": [{"value": 43.0, "step": null, "ts": 1672093607.3190548}]}, "version": 337}
{"obj": {"type": "LogFloats", "path": ["monitoring", "gpu_memory"], "values": [{"value": 0.23419189453125, "step": null, "ts": 1672093607.3190548}]}, "version": 338}
{"obj": {"type": "LogFloats", "path": ["monitoring", "memory"], "values": [{"value": 8.124519348144531, "step": null, "ts": 1672093617.378197}]}, "version": 339}
{"obj": {"type": "LogFloats", "path": ["monitoring", "gpu_memory"], "values": [{"value": 0.197021484375, "step": null, "ts": 1672093617.378197}]}, "version": 340}
{"obj": {"type": "LogFloats", "path": ["monitoring", "memory"], "values": [{"value": 8.08404541015625, "step": null, "ts": 1672093627.415709}]}, "version": 341}
{"obj": {"type": "LogFloats", "path": ["monitoring", "gpu_memory"], "values": [{"value": 0.22991943359375, "step": null, "ts": 1672093627.415709}]}, "version": 342}
{"obj": {"type": "LogFloats", "path": ["monitoring", "memory"], "values": [{"value": 7.9927825927734375, "step": null, "ts": 1672093637.4681678}]}, "version": 343}
{"obj": {"type": "LogFloats", "path": ["monitoring", "gpu_memory"], "values": [{"value": 0.198486328125, "step": null, "ts": 1672093637.4681678}]}, "version": 344}
{"obj": {"type": "LogStrings", "path": ["monitoring", "stdout"], "values": [{"value": "https://app.neptune.ai/astarteam/PDLW-assignment-2/e/PDLWAS-11\n", "step": null, "ts": 1672093642.7908003}]}, "version": 345}
{"obj": {"type": "LogStrings", "path": ["monitoring", "stdout"], "values": [{"value": "Remember to stop your run once you\u2019ve finished logging your metadata (https://docs.neptune.ai/api/run#stop). It will be stopped automatically only when the notebook kernel/interactive console is terminated.\n", "step": null, "ts": 1672093642.8473277}]}, "version": 346}
{"obj": {"type": "LogFloats", "path": ["monitoring", "memory"], "values": [{"value": 8.40850830078125, "step": null, "ts": 1672093647.4996748}]}, "version": 347}
{"obj": {"type": "LogFloats", "path": ["monitoring", "gpu_memory"], "values": [{"value": 0.22576904296875, "step": null, "ts": 1672093647.4996748}]}, "version": 348}
{"obj": {"type": "LogFloats", "path": ["monitoring", "memory"], "values": [{"value": 8.368358612060547, "step": null, "ts": 1672093657.5655031}]}, "version": 349}
{"obj": {"type": "LogFloats", "path": ["monitoring", "gpu"], "values": [{"value": 24.0, "step": null, "ts": 1672093657.5655031}]}, "version": 350}
{"obj": {"type": "LogFloats", "path": ["monitoring", "gpu_memory"], "values": [{"value": 0.24609375, "step": null, "ts": 1672093657.5655031}]}, "version": 351}
{"obj": {"type": "LogFloats", "path": ["monitoring", "memory"], "values": [{"value": 8.431941986083984, "step": null, "ts": 1672093667.5967698}]}, "version": 352}
{"obj": {"type": "LogFloats", "path": ["monitoring", "gpu_memory"], "values": [{"value": 0.189453125, "step": null, "ts": 1672093667.5967698}]}, "version": 353}
{"obj": {"type": "LogStrings", "path": ["monitoring", "stdout"], "values": [{"value": "https://app.neptune.ai/astarteam/PDLW-assignment-2/e/PDLWAS-12\n", "step": null, "ts": 1672093675.9994757}]}, "version": 354}
{"obj": {"type": "LogStrings", "path": ["monitoring", "stdout"], "values": [{"value": "Remember to stop your run once you\u2019ve finished logging your metadata (https://docs.neptune.ai/api/run#stop). It will be stopped automatically only when the notebook kernel/interactive console is terminated.\n", "step": null, "ts": 1672093676.0284083}]}, "version": 355}
{"obj": {"type": "LogFloats", "path": ["monitoring", "cpu"], "values": [{"value": 100.0, "step": null, "ts": 1672093677.6627321}]}, "version": 356}
{"obj": {"type": "LogFloats", "path": ["monitoring", "memory"], "values": [{"value": 8.745269775390625, "step": null, "ts": 1672093677.6627321}]}, "version": 357}
{"obj": {"type": "LogFloats", "path": ["monitoring", "gpu"], "values": [{"value": 38.0, "step": null, "ts": 1672093677.6627321}]}, "version": 358}
{"obj": {"type": "LogFloats", "path": ["monitoring", "gpu_memory"], "values": [{"value": 0.22369384765625, "step": null, "ts": 1672093677.6627321}]}, "version": 359}
{"obj": {"type": "LogFloats", "path": ["monitoring", "cpu"], "values": [{"value": 12.5, "step": null, "ts": 1672093687.744513}]}, "version": 360}
{"obj": {"type": "LogFloats", "path": ["monitoring", "memory"], "values": [{"value": 8.823299407958984, "step": null, "ts": 1672093687.744513}]}, "version": 361}
{"obj": {"type": "LogFloats", "path": ["monitoring", "gpu"], "values": [{"value": 24.0, "step": null, "ts": 1672093687.744513}]}, "version": 362}
{"obj": {"type": "LogFloats", "path": ["monitoring", "gpu_memory"], "values": [{"value": 0.22467041015625, "step": null, "ts": 1672093687.744513}]}, "version": 363}
{"obj": {"type": "LogFloats", "path": ["monitoring", "memory"], "values": [{"value": 8.850299835205078, "step": null, "ts": 1672093697.7689104}]}, "version": 364}
{"obj": {"type": "LogFloats", "path": ["monitoring", "gpu"], "values": [{"value": 3.0, "step": null, "ts": 1672093697.7689104}]}, "version": 365}
{"obj": {"type": "LogFloats", "path": ["monitoring", "gpu_memory"], "values": [{"value": 0.1982421875, "step": null, "ts": 1672093697.7689104}]}, "version": 366}
{"obj": {"type": "LogFloats", "path": ["monitoring", "memory"], "values": [{"value": 8.841693878173828, "step": null, "ts": 1672093707.7813628}]}, "version": 367}
{"obj": {"type": "LogFloats", "path": ["monitoring", "gpu"], "values": [{"value": 3.0, "step": null, "ts": 1672093707.7813628}]}, "version": 368}
{"obj": {"type": "LogFloats", "path": ["monitoring", "gpu_memory"], "values": [{"value": 0.18836212158203125, "step": null, "ts": 1672093707.7813628}]}, "version": 369}
{"obj": {"type": "LogFloats", "path": ["monitoring", "memory"], "values": [{"value": 8.833076477050781, "step": null, "ts": 1672093717.816895}]}, "version": 370}
{"obj": {"type": "LogFloats", "path": ["monitoring", "gpu"], "values": [{"value": 26.0, "step": null, "ts": 1672093717.816895}]}, "version": 371}
{"obj": {"type": "LogFloats", "path": ["monitoring", "gpu_memory"], "values": [{"value": 0.22669219970703125, "step": null, "ts": 1672093717.816895}]}, "version": 372}
{"obj": {"type": "LogStrings", "path": ["monitoring", "stdout"], "values": [{"value": "https://app.neptune.ai/astarteam/PDLW-assignment-2/e/PDLWAS-13\n", "step": null, "ts": 1672093718.8306084}]}, "version": 373}
{"obj": {"type": "LogStrings", "path": ["monitoring", "stdout"], "values": [{"value": "Remember to stop your run once you\u2019ve finished logging your metadata (https://docs.neptune.ai/api/run#stop). It will be stopped automatically only when the notebook kernel/interactive console is terminated.\n", "step": null, "ts": 1672093718.8700135}]}, "version": 374}
{"obj": {"type": "LogFloats", "path": ["monitoring", "cpu"], "values": [{"value": 23.1, "step": null, "ts": 1672093727.8378506}]}, "version": 375}
{"obj": {"type": "LogFloats", "path": ["monitoring", "memory"], "values": [{"value": 8.799434661865234, "step": null, "ts": 1672093727.8378506}]}, "version": 376}
{"obj": {"type": "LogFloats", "path": ["monitoring", "gpu"], "values": [{"value": 31.0, "step": null, "ts": 1672093727.8378506}]}, "version": 377}
{"obj": {"type": "LogFloats", "path": ["monitoring", "gpu_memory"], "values": [{"value": 0.16968536376953125, "step": null, "ts": 1672093727.8378506}]}, "version": 378}
{"obj": {"type": "LogStrings", "path": ["monitoring", "stdout"], "values": [{"value": "loss=3.039, 0 / 16996", "step": null, "ts": 1672093729.8089628}]}, "version": 379}
{"obj": {"type": "LogStrings", "path": ["monitoring", "stdout"], "values": [{"value": "\n", "step": null, "ts": 1672093729.814255}]}, "version": 380}
{"obj": {"type": "LogFloats", "path": ["monitoring", "cpu"], "values": [{"value": 100.0, "step": null, "ts": 1672093737.8562357}]}, "version": 381}
{"obj": {"type": "LogFloats", "path": ["monitoring", "memory"], "values": [{"value": 8.887752532958984, "step": null, "ts": 1672093737.8562357}]}, "version": 382}
{"obj": {"type": "LogFloats", "path": ["monitoring", "gpu"], "values": [{"value": 31.0, "step": null, "ts": 1672093737.8562357}]}, "version": 383}
{"obj": {"type": "LogFloats", "path": ["monitoring", "gpu_memory"], "values": [{"value": 0.16571807861328125, "step": null, "ts": 1672093737.8562357}]}, "version": 384}
{"obj": {"type": "LogFloats", "path": ["monitoring", "memory"], "values": [{"value": 9.00927734375, "step": null, "ts": 1672093747.909246}]}, "version": 385}
{"obj": {"type": "LogFloats", "path": ["monitoring", "gpu"], "values": [{"value": 25.0, "step": null, "ts": 1672093747.909246}]}, "version": 386}
{"obj": {"type": "LogFloats", "path": ["monitoring", "gpu_memory"], "values": [{"value": 0.16571807861328125, "step": null, "ts": 1672093747.909246}]}, "version": 387}
{"obj": {"type": "LogFloats", "path": ["monitoring", "cpu"], "values": [{"value": 20.0, "step": null, "ts": 1672093757.9575715}]}, "version": 388}
{"obj": {"type": "LogFloats", "path": ["monitoring", "memory"], "values": [{"value": 8.543132781982422, "step": null, "ts": 1672093757.9575715}]}, "version": 389}
{"obj": {"type": "LogFloats", "path": ["monitoring", "gpu"], "values": [{"value": 29.0, "step": null, "ts": 1672093757.9575715}]}, "version": 390}
{"obj": {"type": "LogFloats", "path": ["monitoring", "gpu_memory"], "values": [{"value": 0.16571807861328125, "step": null, "ts": 1672093757.9575715}]}, "version": 391}
{"obj": {"type": "LogFloats", "path": ["monitoring", "memory"], "values": [{"value": 9.199211120605469, "step": null, "ts": 1672093768.021814}]}, "version": 392}
{"obj": {"type": "LogFloats", "path": ["monitoring", "gpu"], "values": [{"value": 30.0, "step": null, "ts": 1672093768.021814}]}, "version": 393}
{"obj": {"type": "LogFloats", "path": ["monitoring", "gpu_memory"], "values": [{"value": 0.17200469970703125, "step": null, "ts": 1672093768.021814}]}, "version": 394}
{"obj": {"type": "LogFloats", "path": ["monitoring", "cpu"], "values": [{"value": 8.1, "step": null, "ts": 1672093778.0598223}]}, "version": 395}
{"obj": {"type": "LogFloats", "path": ["monitoring", "memory"], "values": [{"value": 8.796833038330078, "step": null, "ts": 1672093778.0598223}]}, "version": 396}
{"obj": {"type": "LogFloats", "path": ["monitoring", "gpu"], "values": [{"value": 32.0, "step": null, "ts": 1672093778.0598223}]}, "version": 397}
{"obj": {"type": "LogFloats", "path": ["monitoring", "gpu_memory"], "values": [{"value": 0.21448516845703125, "step": null, "ts": 1672093778.0598223}]}, "version": 398}
{"obj": {"type": "LogFloats", "path": ["monitoring", "cpu"], "values": [{"value": 50.0, "step": null, "ts": 1672093788.1423633}]}, "version": 399}
{"obj": {"type": "LogFloats", "path": ["monitoring", "memory"], "values": [{"value": 9.349773406982422, "step": null, "ts": 1672093788.1423633}]}, "version": 400}
{"obj": {"type": "LogFloats", "path": ["monitoring", "gpu"], "values": [{"value": 31.0, "step": null, "ts": 1672093788.1423633}]}, "version": 401}
{"obj": {"type": "LogFloats", "path": ["monitoring", "gpu_memory"], "values": [{"value": 0.17188262939453125, "step": null, "ts": 1672093788.1423633}]}, "version": 402}
{"obj": {"type": "LogFloats", "path": ["monitoring", "cpu"], "values": [{"value": 14.3, "step": null, "ts": 1672093798.1889014}]}, "version": 403}
{"obj": {"type": "LogFloats", "path": ["monitoring", "memory"], "values": [{"value": 8.950241088867188, "step": null, "ts": 1672093798.1889014}]}, "version": 404}
{"obj": {"type": "LogFloats", "path": ["monitoring", "gpu"], "values": [{"value": 3.0, "step": null, "ts": 1672093798.1889014}]}, "version": 405}
{"obj": {"type": "LogFloats", "path": ["monitoring", "gpu_memory"], "values": [{"value": 0.15483474731445312, "step": null, "ts": 1672093798.1889014}]}, "version": 406}
{"obj": {"type": "LogFloats", "path": ["monitoring", "memory"], "values": [{"value": 8.87542724609375, "step": null, "ts": 1672093808.2467034}]}, "version": 407}
{"obj": {"type": "LogFloats", "path": ["monitoring", "gpu_memory"], "values": [{"value": 0.15355300903320312, "step": null, "ts": 1672093808.2467034}]}, "version": 408}
{"obj": {"type": "LogFloats", "path": ["monitoring", "memory"], "values": [{"value": 8.835468292236328, "step": null, "ts": 1672093818.2894957}]}, "version": 409}
{"obj": {"type": "LogFloats", "path": ["monitoring", "gpu"], "values": [{"value": 21.0, "step": null, "ts": 1672093818.2894957}]}, "version": 410}
{"obj": {"type": "LogFloats", "path": ["monitoring", "gpu_memory"], "values": [{"value": 0.15385818481445312, "step": null, "ts": 1672093818.2894957}]}, "version": 411}
{"obj": {"type": "LogFloats", "path": ["monitoring", "memory"], "values": [{"value": 9.128883361816406, "step": null, "ts": 1672093828.341815}]}, "version": 412}
{"obj": {"type": "LogFloats", "path": ["monitoring", "gpu"], "values": [{"value": 34.0, "step": null, "ts": 1672093828.341815}]}, "version": 413}
{"obj": {"type": "LogFloats", "path": ["monitoring", "gpu_memory"], "values": [{"value": 0.18382644653320312, "step": null, "ts": 1672093828.341815}]}, "version": 414}
{"obj": {"type": "LogFloats", "path": ["monitoring", "cpu"], "values": [{"value": 25.0, "step": null, "ts": 1672093838.388615}]}, "version": 415}
{"obj": {"type": "LogFloats", "path": ["monitoring", "memory"], "values": [{"value": 8.883628845214844, "step": null, "ts": 1672093838.388615}]}, "version": 416}
{"obj": {"type": "LogFloats", "path": ["monitoring", "gpu"], "values": [{"value": 26.0, "step": null, "ts": 1672093838.388615}]}, "version": 417}
{"obj": {"type": "LogFloats", "path": ["monitoring", "gpu_memory"], "values": [{"value": 0.16807174682617188, "step": null, "ts": 1672093838.388615}]}, "version": 418}
{"obj": {"type": "LogFloats", "path": ["monitoring", "memory"], "values": [{"value": 9.367912292480469, "step": null, "ts": 1672093848.4243717}]}, "version": 419}
{"obj": {"type": "LogFloats", "path": ["monitoring", "gpu"], "values": [{"value": 30.0, "step": null, "ts": 1672093848.4243717}]}, "version": 420}
{"obj": {"type": "LogFloats", "path": ["monitoring", "gpu_memory"], "values": [{"value": 0.16715621948242188, "step": null, "ts": 1672093848.4243717}]}, "version": 421}
{"obj": {"type": "LogFloats", "path": ["monitoring", "cpu"], "values": [{"value": 25.0, "step": null, "ts": 1672093858.4690495}]}, "version": 422}
{"obj": {"type": "LogFloats", "path": ["monitoring", "memory"], "values": [{"value": 9.301067352294922, "step": null, "ts": 1672093858.4690495}]}, "version": 423}
{"obj": {"type": "LogFloats", "path": ["monitoring", "gpu"], "values": [{"value": 37.0, "step": null, "ts": 1672093858.4690495}]}, "version": 424}
{"obj": {"type": "LogFloats", "path": ["monitoring", "gpu_memory"], "values": [{"value": 0.23405075073242188, "step": null, "ts": 1672093858.4690495}]}, "version": 425}
{"obj": {"type": "LogFloats", "path": ["monitoring", "memory"], "values": [{"value": 9.269908905029297, "step": null, "ts": 1672093868.5242605}]}, "version": 426}
{"obj": {"type": "LogFloats", "path": ["monitoring", "gpu"], "values": [{"value": 29.0, "step": null, "ts": 1672093868.5242605}]}, "version": 427}
{"obj": {"type": "LogFloats", "path": ["monitoring", "gpu_memory"], "values": [{"value": 0.23307418823242188, "step": null, "ts": 1672093868.5242605}]}, "version": 428}
{"obj": {"type": "LogFloats", "path": ["monitoring", "cpu"], "values": [{"value": 20.0, "step": null, "ts": 1672093878.5504622}]}, "version": 429}
{"obj": {"type": "LogFloats", "path": ["monitoring", "memory"], "values": [{"value": 8.610115051269531, "step": null, "ts": 1672093878.5504622}]}, "version": 430}
{"obj": {"type": "LogFloats", "path": ["monitoring", "gpu"], "values": [{"value": 29.0, "step": null, "ts": 1672093878.5504622}]}, "version": 431}
{"obj": {"type": "LogFloats", "path": ["monitoring", "gpu_memory"], "values": [{"value": 0.17484664916992188, "step": null, "ts": 1672093878.5504622}]}, "version": 432}
{"obj": {"type": "LogFloats", "path": ["monitoring", "cpu"], "values": [{"value": 7.4, "step": null, "ts": 1672093888.5886323}]}, "version": 433}
{"obj": {"type": "LogFloats", "path": ["monitoring", "memory"], "values": [{"value": 8.9515380859375, "step": null, "ts": 1672093888.5886323}]}, "version": 434}
{"obj": {"type": "LogFloats", "path": ["monitoring", "gpu"], "values": [{"value": 29.0, "step": null, "ts": 1672093888.5886323}]}, "version": 435}
{"obj": {"type": "LogFloats", "path": ["monitoring", "gpu_memory"], "values": [{"value": 0.19834518432617188, "step": null, "ts": 1672093888.5886323}]}, "version": 436}
{"obj": {"type": "LogFloats", "path": ["monitoring", "memory"], "values": [{"value": 9.3314208984375, "step": null, "ts": 1672093898.6491632}]}, "version": 437}
{"obj": {"type": "LogFloats", "path": ["monitoring", "gpu"], "values": [{"value": 27.0, "step": null, "ts": 1672093898.6491632}]}, "version": 438}
{"obj": {"type": "LogFloats", "path": ["monitoring", "gpu_memory"], "values": [{"value": 0.17357254028320312, "step": null, "ts": 1672093898.6491632}]}, "version": 439}
{"obj": {"type": "LogFloats", "path": ["monitoring", "memory"], "values": [{"value": 8.621288299560547, "step": null, "ts": 1672093908.6906059}]}, "version": 440}
{"obj": {"type": "LogFloats", "path": ["monitoring", "gpu"], "values": [{"value": 35.0, "step": null, "ts": 1672093908.6906059}]}, "version": 441}
{"obj": {"type": "LogFloats", "path": ["monitoring", "gpu_memory"], "values": [{"value": 0.22185134887695312, "step": null, "ts": 1672093908.6906059}]}, "version": 442}
{"obj": {"type": "LogFloats", "path": ["monitoring", "memory"], "values": [{"value": 9.394058227539062, "step": null, "ts": 1672093918.7213678}]}, "version": 443}
{"obj": {"type": "LogFloats", "path": ["monitoring", "gpu"], "values": [{"value": 24.0, "step": null, "ts": 1672093918.7213678}]}, "version": 444}
{"obj": {"type": "LogFloats", "path": ["monitoring", "gpu_memory"], "values": [{"value": 0.20976638793945312, "step": null, "ts": 1672093918.7213678}]}, "version": 445}
{"obj": {"type": "LogFloats", "path": ["monitoring", "memory"], "values": [{"value": 9.378250122070312, "step": null, "ts": 1672093928.7600374}]}, "version": 446}
{"obj": {"type": "LogFloats", "path": ["monitoring", "gpu_memory"], "values": [{"value": 0.18320846557617188, "step": null, "ts": 1672093928.7600374}]}, "version": 447}
{"obj": {"type": "LogFloats", "path": ["monitoring", "memory"], "values": [{"value": 8.781661987304688, "step": null, "ts": 1672093938.7879236}]}, "version": 448}
{"obj": {"type": "LogFloats", "path": ["monitoring", "gpu_memory"], "values": [{"value": 0.17014694213867188, "step": null, "ts": 1672093938.7879236}]}, "version": 449}
