{"obj": {"type": "AssignString", "path": ["sys", "name"], "value": "Untitled"}, "version": 1}
{"obj": {"type": "AssignString", "path": ["sys", "description"], "value": ""}, "version": 2}
{"obj": {"type": "AssignString", "path": ["sys", "hostname"], "value": "DESKTOP-I24N4PN"}, "version": 3}
{"obj": {"type": "AssignBool", "path": ["sys", "failed"], "value": false}, "version": 4}
{"obj": {"type": "ClearStringLog", "path": ["monitoring", "stdout"]}, "version": 5}
{"obj": {"type": "ClearStringLog", "path": ["monitoring", "stderr"]}, "version": 6}
{"obj": {"type": "ConfigFloatSeries", "path": ["monitoring", "cpu"], "min": 0.0, "max": 100.0, "unit": "%"}, "version": 7}
{"obj": {"type": "ClearFloatLog", "path": ["monitoring", "cpu"]}, "version": 8}
{"obj": {"type": "ConfigFloatSeries", "path": ["monitoring", "memory"], "min": 0.0, "max": 15.787357330322266, "unit": "GB"}, "version": 9}
{"obj": {"type": "ClearFloatLog", "path": ["monitoring", "memory"]}, "version": 10}
{"obj": {"type": "ConfigFloatSeries", "path": ["monitoring", "gpu"], "min": 0.0, "max": 100.0, "unit": "%"}, "version": 11}
{"obj": {"type": "ClearFloatLog", "path": ["monitoring", "gpu"]}, "version": 12}
{"obj": {"type": "ConfigFloatSeries", "path": ["monitoring", "gpu_memory"], "min": 0.0, "max": 2.0, "unit": "GB"}, "version": 13}
{"obj": {"type": "ClearFloatLog", "path": ["monitoring", "gpu_memory"]}, "version": 14}
{"obj": {"type": "LogStrings", "path": ["monitoring", "stdout"], "values": [{"value": "Remember to stop your run once you\u2019ve finished logging your metadata (https://docs.neptune.ai/api/run#stop). It will be stopped automatically only when the notebook kernel/interactive console is terminated.\n", "step": null, "ts": 1672093296.0421603}]}, "version": 15}
{"obj": {"type": "AssignString", "path": ["algorithm"], "value": "LSTM"}, "version": 16}
{"obj": {"type": "AssignInt", "path": ["parameters", "batch_size"], "value": 64}, "version": 17}
{"obj": {"type": "AssignFloat", "path": ["parameters", "learning_rate"], "value": 0.001}, "version": 18}
{"obj": {"type": "AssignString", "path": ["parameters", "optimizer"], "value": "CrossEntropyLoss"}, "version": 19}
{"obj": {"type": "LogFloats", "path": ["monitoring", "cpu"], "values": [{"value": 36.1, "step": null, "ts": 1672093296.0020404}]}, "version": 20}
{"obj": {"type": "LogFloats", "path": ["monitoring", "memory"], "values": [{"value": 7.824214935302734, "step": null, "ts": 1672093296.0020404}]}, "version": 21}
{"obj": {"type": "LogFloats", "path": ["monitoring", "gpu"], "values": [{"value": 34.0, "step": null, "ts": 1672093296.0020404}]}, "version": 22}
{"obj": {"type": "LogFloats", "path": ["monitoring", "gpu_memory"], "values": [{"value": 0.21095657348632812, "step": null, "ts": 1672093296.0020404}]}, "version": 23}
{"obj": {"type": "LogFloats", "path": ["monitoring", "cpu"], "values": [{"value": 4.5, "step": null, "ts": 1672093306.0692217}]}, "version": 24}
{"obj": {"type": "LogFloats", "path": ["monitoring", "memory"], "values": [{"value": 8.113475799560547, "step": null, "ts": 1672093306.0692217}]}, "version": 25}
{"obj": {"type": "LogFloats", "path": ["monitoring", "gpu"], "values": [{"value": 20.0, "step": null, "ts": 1672093306.0692217}]}, "version": 26}
{"obj": {"type": "LogFloats", "path": ["monitoring", "gpu_memory"], "values": [{"value": 0.18654251098632812, "step": null, "ts": 1672093306.0692217}]}, "version": 27}
{"obj": {"type": "LogFloats", "path": ["monitoring", "cpu"], "values": [{"value": 11.8, "step": null, "ts": 1672093316.1117358}]}, "version": 28}
{"obj": {"type": "LogFloats", "path": ["monitoring", "memory"], "values": [{"value": 8.106361389160156, "step": null, "ts": 1672093316.1117358}]}, "version": 29}
{"obj": {"type": "LogFloats", "path": ["monitoring", "gpu"], "values": [{"value": 3.0, "step": null, "ts": 1672093316.1117358}]}, "version": 30}
{"obj": {"type": "LogFloats", "path": ["monitoring", "gpu_memory"], "values": [{"value": 0.19014358520507812, "step": null, "ts": 1672093316.1117358}]}, "version": 31}
{"obj": {"type": "LogFloats", "path": ["monitoring", "cpu"], "values": [{"value": 8.1, "step": null, "ts": 1672093326.1758006}]}, "version": 32}
{"obj": {"type": "LogFloats", "path": ["monitoring", "memory"], "values": [{"value": 8.130970001220703, "step": null, "ts": 1672093326.1758006}]}, "version": 33}
{"obj": {"type": "LogFloats", "path": ["monitoring", "gpu_memory"], "values": [{"value": 0.19026565551757812, "step": null, "ts": 1672093326.1758006}]}, "version": 34}
{"obj": {"type": "LogFloats", "path": ["monitoring", "cpu"], "values": [{"value": 2.0, "step": null, "ts": 1672093336.2220707}]}, "version": 35}
{"obj": {"type": "LogFloats", "path": ["monitoring", "memory"], "values": [{"value": 7.922370910644531, "step": null, "ts": 1672093336.2220707}]}, "version": 36}
{"obj": {"type": "LogFloats", "path": ["monitoring", "gpu_memory"], "values": [{"value": 0.22175979614257812, "step": null, "ts": 1672093336.2220707}]}, "version": 37}
{"obj": {"type": "LogFloats", "path": ["monitoring", "cpu"], "values": [{"value": 9.4, "step": null, "ts": 1672093346.266107}]}, "version": 38}
{"obj": {"type": "LogFloats", "path": ["monitoring", "memory"], "values": [{"value": 8.06021499633789, "step": null, "ts": 1672093346.266107}]}, "version": 39}
{"obj": {"type": "LogFloats", "path": ["monitoring", "gpu_memory"], "values": [{"value": 0.06274795532226562, "step": null, "ts": 1672093346.266107}]}, "version": 40}
{"obj": {"type": "LogFloats", "path": ["monitoring", "cpu"], "values": [{"value": 10.2, "step": null, "ts": 1672093356.55683}]}, "version": 41}
{"obj": {"type": "LogFloats", "path": ["monitoring", "memory"], "values": [{"value": 8.060104370117188, "step": null, "ts": 1672093356.55683}]}, "version": 42}
{"obj": {"type": "LogFloats", "path": ["monitoring", "gpu_memory"], "values": [{"value": 0.06274795532226562, "step": null, "ts": 1672093356.55683}]}, "version": 43}
{"obj": {"type": "LogFloats", "path": ["monitoring", "cpu"], "values": [{"value": 11.4, "step": null, "ts": 1672093366.5756567}]}, "version": 44}
{"obj": {"type": "LogFloats", "path": ["monitoring", "memory"], "values": [{"value": 8.056808471679688, "step": null, "ts": 1672093366.5756567}]}, "version": 45}
{"obj": {"type": "LogFloats", "path": ["monitoring", "gpu_memory"], "values": [{"value": 0.06274795532226562, "step": null, "ts": 1672093366.5756567}]}, "version": 46}
{"obj": {"type": "LogFloats", "path": ["monitoring", "cpu"], "values": [{"value": 3.6, "step": null, "ts": 1672093376.595007}]}, "version": 47}
{"obj": {"type": "LogFloats", "path": ["monitoring", "memory"], "values": [{"value": 8.055435180664062, "step": null, "ts": 1672093376.595007}]}, "version": 48}
{"obj": {"type": "LogFloats", "path": ["monitoring", "gpu_memory"], "values": [{"value": 0.06274795532226562, "step": null, "ts": 1672093376.595007}]}, "version": 49}
{"obj": {"type": "LogFloats", "path": ["monitoring", "cpu"], "values": [{"value": 8.7, "step": null, "ts": 1672093386.947032}]}, "version": 50}
{"obj": {"type": "LogFloats", "path": ["monitoring", "memory"], "values": [{"value": 8.009422302246094, "step": null, "ts": 1672093386.947032}]}, "version": 51}
{"obj": {"type": "LogFloats", "path": ["monitoring", "gpu_memory"], "values": [{"value": 0.1539154052734375, "step": null, "ts": 1672093386.947032}]}, "version": 52}
{"obj": {"type": "LogFloats", "path": ["monitoring", "cpu"], "values": [{"value": 7.5, "step": null, "ts": 1672093396.969812}]}, "version": 53}
{"obj": {"type": "LogFloats", "path": ["monitoring", "memory"], "values": [{"value": 8.165035247802734, "step": null, "ts": 1672093396.969812}]}, "version": 54}
{"obj": {"type": "LogFloats", "path": ["monitoring", "gpu_memory"], "values": [{"value": 0.18145751953125, "step": null, "ts": 1672093396.969812}]}, "version": 55}
{"obj": {"type": "LogFloats", "path": ["monitoring", "cpu"], "values": [{"value": 3.4, "step": null, "ts": 1672093406.9846418}]}, "version": 56}
{"obj": {"type": "LogFloats", "path": ["monitoring", "memory"], "values": [{"value": 8.13311767578125, "step": null, "ts": 1672093406.9846418}]}, "version": 57}
{"obj": {"type": "LogFloats", "path": ["monitoring", "gpu_memory"], "values": [{"value": 0.21484375, "step": null, "ts": 1672093406.9846418}]}, "version": 58}
{"obj": {"type": "LogFloats", "path": ["monitoring", "cpu"], "values": [{"value": 2.8, "step": null, "ts": 1672093416.9927995}]}, "version": 59}
{"obj": {"type": "LogFloats", "path": ["monitoring", "memory"], "values": [{"value": 8.11899185180664, "step": null, "ts": 1672093416.9927995}]}, "version": 60}
{"obj": {"type": "LogFloats", "path": ["monitoring", "gpu_memory"], "values": [{"value": 0.1915283203125, "step": null, "ts": 1672093416.9927995}]}, "version": 61}
{"obj": {"type": "LogFloats", "path": ["monitoring", "cpu"], "values": [{"value": 4.8, "step": null, "ts": 1672093427.0040023}]}, "version": 62}
{"obj": {"type": "LogFloats", "path": ["monitoring", "memory"], "values": [{"value": 8.121761322021484, "step": null, "ts": 1672093427.0040023}]}, "version": 63}
{"obj": {"type": "LogFloats", "path": ["monitoring", "gpu_memory"], "values": [{"value": 0.223388671875, "step": null, "ts": 1672093427.0040023}]}, "version": 64}
{"obj": {"type": "LogFloats", "path": ["monitoring", "cpu"], "values": [{"value": 1.1, "step": null, "ts": 1672093437.0331638}]}, "version": 65}
{"obj": {"type": "LogFloats", "path": ["monitoring", "memory"], "values": [{"value": 8.229263305664062, "step": null, "ts": 1672093437.0331638}]}, "version": 66}
{"obj": {"type": "LogFloats", "path": ["monitoring", "gpu"], "values": [{"value": 3.0, "step": null, "ts": 1672093437.0331638}]}, "version": 67}
{"obj": {"type": "LogFloats", "path": ["monitoring", "gpu_memory"], "values": [{"value": 0.21759033203125, "step": null, "ts": 1672093437.0331638}]}, "version": 68}
{"obj": {"type": "LogFloats", "path": ["monitoring", "cpu"], "values": [{"value": 2.7, "step": null, "ts": 1672093447.0664344}]}, "version": 69}
{"obj": {"type": "LogFloats", "path": ["monitoring", "memory"], "values": [{"value": 8.15518569946289, "step": null, "ts": 1672093447.0664344}]}, "version": 70}
{"obj": {"type": "LogFloats", "path": ["monitoring", "gpu"], "values": [{"value": 3.0, "step": null, "ts": 1672093447.0664344}]}, "version": 71}
{"obj": {"type": "LogFloats", "path": ["monitoring", "gpu_memory"], "values": [{"value": 0.1798095703125, "step": null, "ts": 1672093447.0664344}]}, "version": 72}
{"obj": {"type": "LogFloats", "path": ["monitoring", "cpu"], "values": [{"value": 1.1, "step": null, "ts": 1672093457.0950477}]}, "version": 73}
{"obj": {"type": "LogFloats", "path": ["monitoring", "memory"], "values": [{"value": 8.134586334228516, "step": null, "ts": 1672093457.0950477}]}, "version": 74}
{"obj": {"type": "LogFloats", "path": ["monitoring", "gpu"], "values": [{"value": 6.0, "step": null, "ts": 1672093457.0950477}]}, "version": 75}
{"obj": {"type": "LogFloats", "path": ["monitoring", "gpu_memory"], "values": [{"value": 0.19830322265625, "step": null, "ts": 1672093457.0950477}]}, "version": 76}
{"obj": {"type": "LogFloats", "path": ["monitoring", "memory"], "values": [{"value": 8.135944366455078, "step": null, "ts": 1672093467.1125636}]}, "version": 77}
{"obj": {"type": "LogFloats", "path": ["monitoring", "gpu"], "values": [{"value": 6.0, "step": null, "ts": 1672093467.1125636}]}, "version": 78}
{"obj": {"type": "LogFloats", "path": ["monitoring", "gpu_memory"], "values": [{"value": 0.1776123046875, "step": null, "ts": 1672093467.1125636}]}, "version": 79}
{"obj": {"type": "LogFloats", "path": ["monitoring", "memory"], "values": [{"value": 8.089973449707031, "step": null, "ts": 1672093477.113373}]}, "version": 80}
{"obj": {"type": "LogFloats", "path": ["monitoring", "gpu_memory"], "values": [{"value": 0.1768798828125, "step": null, "ts": 1672093477.113373}]}, "version": 81}
{"obj": {"type": "LogFloats", "path": ["monitoring", "cpu"], "values": [{"value": 2.5, "step": null, "ts": 1672093487.1226327}]}, "version": 82}
{"obj": {"type": "LogFloats", "path": ["monitoring", "memory"], "values": [{"value": 8.101825714111328, "step": null, "ts": 1672093487.1226327}]}, "version": 83}
{"obj": {"type": "LogFloats", "path": ["monitoring", "gpu"], "values": [{"value": 3.0, "step": null, "ts": 1672093487.1226327}]}, "version": 84}
{"obj": {"type": "LogFloats", "path": ["monitoring", "gpu_memory"], "values": [{"value": 0.1790771484375, "step": null, "ts": 1672093487.1226327}]}, "version": 85}
{"obj": {"type": "LogFloats", "path": ["monitoring", "cpu"], "values": [{"value": 6.9, "step": null, "ts": 1672093497.1554224}]}, "version": 86}
{"obj": {"type": "LogFloats", "path": ["monitoring", "memory"], "values": [{"value": 8.086772918701172, "step": null, "ts": 1672093497.1554224}]}, "version": 87}
{"obj": {"type": "LogFloats", "path": ["monitoring", "gpu"], "values": [{"value": 4.0, "step": null, "ts": 1672093497.1554224}]}, "version": 88}
{"obj": {"type": "LogFloats", "path": ["monitoring", "gpu_memory"], "values": [{"value": 0.195556640625, "step": null, "ts": 1672093497.1554224}]}, "version": 89}
{"obj": {"type": "LogFloats", "path": ["monitoring", "cpu"], "values": [{"value": 1.5, "step": null, "ts": 1672093507.1724696}]}, "version": 90}
{"obj": {"type": "LogFloats", "path": ["monitoring", "memory"], "values": [{"value": 8.136028289794922, "step": null, "ts": 1672093507.1724696}]}, "version": 91}
{"obj": {"type": "LogFloats", "path": ["monitoring", "gpu_memory"], "values": [{"value": 0.18341064453125, "step": null, "ts": 1672093507.1724696}]}, "version": 92}
{"obj": {"type": "LogFloats", "path": ["monitoring", "memory"], "values": [{"value": 8.118331909179688, "step": null, "ts": 1672093517.1815882}]}, "version": 93}
{"obj": {"type": "LogFloats", "path": ["monitoring", "gpu"], "values": [{"value": 12.0, "step": null, "ts": 1672093517.1815882}]}, "version": 94}
{"obj": {"type": "LogFloats", "path": ["monitoring", "gpu_memory"], "values": [{"value": 0.1727294921875, "step": null, "ts": 1672093517.1815882}]}, "version": 95}
{"obj": {"type": "LogFloats", "path": ["monitoring", "cpu"], "values": [{"value": 0.9, "step": null, "ts": 1672093527.1862597}]}, "version": 96}
{"obj": {"type": "LogFloats", "path": ["monitoring", "memory"], "values": [{"value": 8.117481231689453, "step": null, "ts": 1672093527.1862597}]}, "version": 97}
{"obj": {"type": "LogFloats", "path": ["monitoring", "gpu"], "values": [{"value": 8.0, "step": null, "ts": 1672093527.1862597}]}, "version": 98}
{"obj": {"type": "LogFloats", "path": ["monitoring", "gpu_memory"], "values": [{"value": 0.1727294921875, "step": null, "ts": 1672093527.1862597}]}, "version": 99}
{"obj": {"type": "LogFloats", "path": ["monitoring", "memory"], "values": [{"value": 8.117416381835938, "step": null, "ts": 1672093537.2197783}]}, "version": 100}
{"obj": {"type": "LogFloats", "path": ["monitoring", "gpu"], "values": [{"value": 1.0, "step": null, "ts": 1672093537.2197783}]}, "version": 101}
{"obj": {"type": "LogFloats", "path": ["monitoring", "gpu_memory"], "values": [{"value": 0.1727294921875, "step": null, "ts": 1672093537.2197783}]}, "version": 102}
{"obj": {"type": "LogFloats", "path": ["monitoring", "memory"], "values": [{"value": 8.121517181396484, "step": null, "ts": 1672093547.2220085}]}, "version": 103}
{"obj": {"type": "LogFloats", "path": ["monitoring", "gpu_memory"], "values": [{"value": 0.168701171875, "step": null, "ts": 1672093547.2220085}]}, "version": 104}
{"obj": {"type": "LogFloats", "path": ["monitoring", "cpu"], "values": [{"value": 5.2, "step": null, "ts": 1672093557.252781}]}, "version": 105}
{"obj": {"type": "LogFloats", "path": ["monitoring", "memory"], "values": [{"value": 8.122447967529297, "step": null, "ts": 1672093557.252781}]}, "version": 106}
{"obj": {"type": "LogFloats", "path": ["monitoring", "gpu_memory"], "values": [{"value": 0.168701171875, "step": null, "ts": 1672093557.252781}]}, "version": 107}
{"obj": {"type": "LogFloats", "path": ["monitoring", "cpu"], "values": [{"value": 1.1, "step": null, "ts": 1672093567.2821705}]}, "version": 108}
{"obj": {"type": "LogFloats", "path": ["monitoring", "memory"], "values": [{"value": 8.119277954101562, "step": null, "ts": 1672093567.2821705}]}, "version": 109}
{"obj": {"type": "LogFloats", "path": ["monitoring", "gpu_memory"], "values": [{"value": 0.168701171875, "step": null, "ts": 1672093567.2821705}]}, "version": 110}
{"obj": {"type": "LogFloats", "path": ["monitoring", "cpu"], "values": [{"value": 7.9, "step": null, "ts": 1672093577.3110316}]}, "version": 111}
{"obj": {"type": "LogFloats", "path": ["monitoring", "memory"], "values": [{"value": 8.097900390625, "step": null, "ts": 1672093577.3110316}]}, "version": 112}
{"obj": {"type": "LogFloats", "path": ["monitoring", "gpu_memory"], "values": [{"value": 0.168701171875, "step": null, "ts": 1672093577.3110316}]}, "version": 113}
{"obj": {"type": "LogFloats", "path": ["monitoring", "cpu"], "values": [{"value": 1.4, "step": null, "ts": 1672093587.3312137}]}, "version": 114}
{"obj": {"type": "LogFloats", "path": ["monitoring", "memory"], "values": [{"value": 8.11544418334961, "step": null, "ts": 1672093587.3312137}]}, "version": 115}
{"obj": {"type": "LogFloats", "path": ["monitoring", "gpu_memory"], "values": [{"value": 0.17462158203125, "step": null, "ts": 1672093587.3312137}]}, "version": 116}
{"obj": {"type": "LogFloats", "path": ["monitoring", "memory"], "values": [{"value": 8.114879608154297, "step": null, "ts": 1672093597.3530824}]}, "version": 117}
{"obj": {"type": "LogFloats", "path": ["monitoring", "gpu"], "values": [{"value": 8.0, "step": null, "ts": 1672093597.3530824}]}, "version": 118}
{"obj": {"type": "LogFloats", "path": ["monitoring", "gpu_memory"], "values": [{"value": 0.1746826171875, "step": null, "ts": 1672093597.3530824}]}, "version": 119}
{"obj": {"type": "LogStrings", "path": ["monitoring", "stdout"], "values": [{"value": "https://app.neptune.ai/astarteam/PDLW-assignment-2/e/PDLWAS-10\n", "step": null, "ts": 1672093606.9843695}]}, "version": 120}
{"obj": {"type": "LogStrings", "path": ["monitoring", "stdout"], "values": [{"value": "Remember to stop your run once you\u2019ve finished logging your metadata (https://docs.neptune.ai/api/run#stop). It will be stopped automatically only when the notebook kernel/interactive console is terminated.\n", "step": null, "ts": 1672093607.0305774}]}, "version": 121}
{"obj": {"type": "LogFloats", "path": ["monitoring", "cpu"], "values": [{"value": 8.3, "step": null, "ts": 1672093607.3625064}]}, "version": 122}
{"obj": {"type": "LogFloats", "path": ["monitoring", "memory"], "values": [{"value": 7.999065399169922, "step": null, "ts": 1672093607.3625064}]}, "version": 123}
{"obj": {"type": "LogFloats", "path": ["monitoring", "gpu"], "values": [{"value": 43.0, "step": null, "ts": 1672093607.3625064}]}, "version": 124}
{"obj": {"type": "LogFloats", "path": ["monitoring", "gpu_memory"], "values": [{"value": 0.23419189453125, "step": null, "ts": 1672093607.3625064}]}, "version": 125}
{"obj": {"type": "LogFloats", "path": ["monitoring", "memory"], "values": [{"value": 8.124519348144531, "step": null, "ts": 1672093617.393416}]}, "version": 126}
{"obj": {"type": "LogFloats", "path": ["monitoring", "gpu_memory"], "values": [{"value": 0.197021484375, "step": null, "ts": 1672093617.393416}]}, "version": 127}
{"obj": {"type": "LogFloats", "path": ["monitoring", "memory"], "values": [{"value": 8.08404541015625, "step": null, "ts": 1672093627.415709}]}, "version": 128}
{"obj": {"type": "LogFloats", "path": ["monitoring", "gpu_memory"], "values": [{"value": 0.22991943359375, "step": null, "ts": 1672093627.415709}]}, "version": 129}
{"obj": {"type": "LogFloats", "path": ["monitoring", "memory"], "values": [{"value": 7.991386413574219, "step": null, "ts": 1672093637.457197}]}, "version": 130}
{"obj": {"type": "LogFloats", "path": ["monitoring", "gpu_memory"], "values": [{"value": 0.198486328125, "step": null, "ts": 1672093637.457197}]}, "version": 131}
{"obj": {"type": "LogStrings", "path": ["monitoring", "stdout"], "values": [{"value": "https://app.neptune.ai/astarteam/PDLW-assignment-2/e/PDLWAS-11\n", "step": null, "ts": 1672093642.7908003}]}, "version": 132}
{"obj": {"type": "LogStrings", "path": ["monitoring", "stdout"], "values": [{"value": "Remember to stop your run once you\u2019ve finished logging your metadata (https://docs.neptune.ai/api/run#stop). It will be stopped automatically only when the notebook kernel/interactive console is terminated.\n", "step": null, "ts": 1672093642.8493228}]}, "version": 133}
{"obj": {"type": "LogFloats", "path": ["monitoring", "memory"], "values": [{"value": 8.40850830078125, "step": null, "ts": 1672093647.508622}]}, "version": 134}
{"obj": {"type": "LogFloats", "path": ["monitoring", "gpu_memory"], "values": [{"value": 0.22576904296875, "step": null, "ts": 1672093647.508622}]}, "version": 135}
{"obj": {"type": "LogFloats", "path": ["monitoring", "cpu"], "values": [{"value": 1.7, "step": null, "ts": 1672093657.5514839}]}, "version": 136}
{"obj": {"type": "LogFloats", "path": ["monitoring", "memory"], "values": [{"value": 8.368358612060547, "step": null, "ts": 1672093657.5514839}]}, "version": 137}
{"obj": {"type": "LogFloats", "path": ["monitoring", "gpu"], "values": [{"value": 24.0, "step": null, "ts": 1672093657.5514839}]}, "version": 138}
{"obj": {"type": "LogFloats", "path": ["monitoring", "gpu_memory"], "values": [{"value": 0.24609375, "step": null, "ts": 1672093657.5514839}]}, "version": 139}
{"obj": {"type": "LogFloats", "path": ["monitoring", "memory"], "values": [{"value": 8.431941986083984, "step": null, "ts": 1672093667.5997584}]}, "version": 140}
{"obj": {"type": "LogFloats", "path": ["monitoring", "gpu_memory"], "values": [{"value": 0.189453125, "step": null, "ts": 1672093667.5997584}]}, "version": 141}
{"obj": {"type": "LogStrings", "path": ["monitoring", "stdout"], "values": [{"value": "https://app.neptune.ai/astarteam/PDLW-assignment-2/e/PDLWAS-12\n", "step": null, "ts": 1672093675.9974818}]}, "version": 142}
{"obj": {"type": "LogStrings", "path": ["monitoring", "stdout"], "values": [{"value": "Remember to stop your run once you\u2019ve finished logging your metadata (https://docs.neptune.ai/api/run#stop). It will be stopped automatically only when the notebook kernel/interactive console is terminated.\n", "step": null, "ts": 1672093676.0293977}]}, "version": 143}
{"obj": {"type": "LogFloats", "path": ["monitoring", "cpu"], "values": [{"value": 80.3, "step": null, "ts": 1672093677.6241837}]}, "version": 144}
{"obj": {"type": "LogFloats", "path": ["monitoring", "memory"], "values": [{"value": 8.74106216430664, "step": null, "ts": 1672093677.6241837}]}, "version": 145}
{"obj": {"type": "LogFloats", "path": ["monitoring", "gpu"], "values": [{"value": 38.0, "step": null, "ts": 1672093677.6241837}]}, "version": 146}
{"obj": {"type": "LogFloats", "path": ["monitoring", "gpu_memory"], "values": [{"value": 0.22393798828125, "step": null, "ts": 1672093677.6241837}]}, "version": 147}
{"obj": {"type": "LogFloats", "path": ["monitoring", "memory"], "values": [{"value": 8.823299407958984, "step": null, "ts": 1672093687.7138805}]}, "version": 148}
{"obj": {"type": "LogFloats", "path": ["monitoring", "gpu"], "values": [{"value": 24.0, "step": null, "ts": 1672093687.7138805}]}, "version": 149}
{"obj": {"type": "LogFloats", "path": ["monitoring", "gpu_memory"], "values": [{"value": 0.22467041015625, "step": null, "ts": 1672093687.7138805}]}, "version": 150}
{"obj": {"type": "LogFloats", "path": ["monitoring", "memory"], "values": [{"value": 8.850379943847656, "step": null, "ts": 1672093697.7498982}]}, "version": 151}
{"obj": {"type": "LogFloats", "path": ["monitoring", "gpu"], "values": [{"value": 3.0, "step": null, "ts": 1672093697.7498982}]}, "version": 152}
{"obj": {"type": "LogFloats", "path": ["monitoring", "gpu_memory"], "values": [{"value": 0.1982421875, "step": null, "ts": 1672093697.7498982}]}, "version": 153}
{"obj": {"type": "LogFloats", "path": ["monitoring", "memory"], "values": [{"value": 8.841693878173828, "step": null, "ts": 1672093707.765763}]}, "version": 154}
{"obj": {"type": "LogFloats", "path": ["monitoring", "gpu"], "values": [{"value": 3.0, "step": null, "ts": 1672093707.765763}]}, "version": 155}
{"obj": {"type": "LogFloats", "path": ["monitoring", "gpu_memory"], "values": [{"value": 0.18836212158203125, "step": null, "ts": 1672093707.765763}]}, "version": 156}
{"obj": {"type": "LogFloats", "path": ["monitoring", "memory"], "values": [{"value": 8.83316421508789, "step": null, "ts": 1672093717.7750018}]}, "version": 157}
{"obj": {"type": "LogFloats", "path": ["monitoring", "gpu"], "values": [{"value": 34.0, "step": null, "ts": 1672093717.7750018}]}, "version": 158}
{"obj": {"type": "LogFloats", "path": ["monitoring", "gpu_memory"], "values": [{"value": 0.22669219970703125, "step": null, "ts": 1672093717.7750018}]}, "version": 159}
{"obj": {"type": "LogStrings", "path": ["monitoring", "stdout"], "values": [{"value": "https://app.neptune.ai/astarteam/PDLW-assignment-2/e/PDLWAS-13\n", "step": null, "ts": 1672093718.8306084}]}, "version": 160}
{"obj": {"type": "LogStrings", "path": ["monitoring", "stdout"], "values": [{"value": "Remember to stop your run once you\u2019ve finished logging your metadata (https://docs.neptune.ai/api/run#stop). It will be stopped automatically only when the notebook kernel/interactive console is terminated.\n", "step": null, "ts": 1672093718.8720057}]}, "version": 161}
{"obj": {"type": "LogFloats", "path": ["monitoring", "cpu"], "values": [{"value": 25.0, "step": null, "ts": 1672093727.8127823}]}, "version": 162}
{"obj": {"type": "LogFloats", "path": ["monitoring", "memory"], "values": [{"value": 8.799434661865234, "step": null, "ts": 1672093727.8127823}]}, "version": 163}
{"obj": {"type": "LogFloats", "path": ["monitoring", "gpu"], "values": [{"value": 31.0, "step": null, "ts": 1672093727.8127823}]}, "version": 164}
{"obj": {"type": "LogFloats", "path": ["monitoring", "gpu_memory"], "values": [{"value": 0.16968536376953125, "step": null, "ts": 1672093727.8127823}]}, "version": 165}
{"obj": {"type": "LogStrings", "path": ["monitoring", "stdout"], "values": [{"value": "loss=3.039, 0 / 16996", "step": null, "ts": 1672093729.8130076}]}, "version": 166}
{"obj": {"type": "LogStrings", "path": ["monitoring", "stdout"], "values": [{"value": "\n", "step": null, "ts": 1672093729.8159416}]}, "version": 167}
{"obj": {"type": "LogFloats", "path": ["monitoring", "cpu"], "values": [{"value": 25.0, "step": null, "ts": 1672093737.8433433}]}, "version": 168}
{"obj": {"type": "LogFloats", "path": ["monitoring", "memory"], "values": [{"value": 8.887264251708984, "step": null, "ts": 1672093737.8433433}]}, "version": 169}
{"obj": {"type": "LogFloats", "path": ["monitoring", "gpu"], "values": [{"value": 31.0, "step": null, "ts": 1672093737.8433433}]}, "version": 170}
{"obj": {"type": "LogFloats", "path": ["monitoring", "gpu_memory"], "values": [{"value": 0.16571807861328125, "step": null, "ts": 1672093737.8433433}]}, "version": 171}
{"obj": {"type": "LogFloats", "path": ["monitoring", "memory"], "values": [{"value": 9.003150939941406, "step": null, "ts": 1672093747.8849533}]}, "version": 172}
{"obj": {"type": "LogFloats", "path": ["monitoring", "gpu"], "values": [{"value": 25.0, "step": null, "ts": 1672093747.8849533}]}, "version": 173}
{"obj": {"type": "LogFloats", "path": ["monitoring", "gpu_memory"], "values": [{"value": 0.16571807861328125, "step": null, "ts": 1672093747.8849533}]}, "version": 174}
{"obj": {"type": "LogFloats", "path": ["monitoring", "memory"], "values": [{"value": 8.542613983154297, "step": null, "ts": 1672093757.9515402}]}, "version": 175}
{"obj": {"type": "LogFloats", "path": ["monitoring", "gpu"], "values": [{"value": 29.0, "step": null, "ts": 1672093757.9515402}]}, "version": 176}
{"obj": {"type": "LogFloats", "path": ["monitoring", "gpu_memory"], "values": [{"value": 0.16571807861328125, "step": null, "ts": 1672093757.9515402}]}, "version": 177}
{"obj": {"type": "LogFloats", "path": ["monitoring", "memory"], "values": [{"value": 9.199211120605469, "step": null, "ts": 1672093768.0057087}]}, "version": 178}
{"obj": {"type": "LogFloats", "path": ["monitoring", "gpu"], "values": [{"value": 30.0, "step": null, "ts": 1672093768.0057087}]}, "version": 179}
{"obj": {"type": "LogFloats", "path": ["monitoring", "gpu_memory"], "values": [{"value": 0.17200469970703125, "step": null, "ts": 1672093768.0057087}]}, "version": 180}
{"obj": {"type": "LogFloats", "path": ["monitoring", "memory"], "values": [{"value": 8.797107696533203, "step": null, "ts": 1672093778.0734007}]}, "version": 181}
{"obj": {"type": "LogFloats", "path": ["monitoring", "gpu"], "values": [{"value": 32.0, "step": null, "ts": 1672093778.0734007}]}, "version": 182}
{"obj": {"type": "LogFloats", "path": ["monitoring", "gpu_memory"], "values": [{"value": 0.21448516845703125, "step": null, "ts": 1672093778.0734007}]}, "version": 183}
{"obj": {"type": "LogFloats", "path": ["monitoring", "cpu"], "values": [{"value": 20.0, "step": null, "ts": 1672093788.1370583}]}, "version": 184}
{"obj": {"type": "LogFloats", "path": ["monitoring", "memory"], "values": [{"value": 9.349018096923828, "step": null, "ts": 1672093788.1370583}]}, "version": 185}
{"obj": {"type": "LogFloats", "path": ["monitoring", "gpu"], "values": [{"value": 31.0, "step": null, "ts": 1672093788.1370583}]}, "version": 186}
{"obj": {"type": "LogFloats", "path": ["monitoring", "gpu_memory"], "values": [{"value": 0.17188262939453125, "step": null, "ts": 1672093788.1370583}]}, "version": 187}
{"obj": {"type": "LogFloats", "path": ["monitoring", "cpu"], "values": [{"value": 21.7, "step": null, "ts": 1672093798.1822875}]}, "version": 188}
{"obj": {"type": "LogFloats", "path": ["monitoring", "memory"], "values": [{"value": 8.950637817382812, "step": null, "ts": 1672093798.1822875}]}, "version": 189}
{"obj": {"type": "LogFloats", "path": ["monitoring", "gpu"], "values": [{"value": 3.0, "step": null, "ts": 1672093798.1822875}]}, "version": 190}
{"obj": {"type": "LogFloats", "path": ["monitoring", "gpu_memory"], "values": [{"value": 0.15483474731445312, "step": null, "ts": 1672093798.1822875}]}, "version": 191}
{"obj": {"type": "LogFloats", "path": ["monitoring", "cpu"], "values": [{"value": 16.7, "step": null, "ts": 1672093808.230767}]}, "version": 192}
{"obj": {"type": "LogFloats", "path": ["monitoring", "memory"], "values": [{"value": 8.880317687988281, "step": null, "ts": 1672093808.230767}]}, "version": 193}
{"obj": {"type": "LogFloats", "path": ["monitoring", "gpu_memory"], "values": [{"value": 0.15355300903320312, "step": null, "ts": 1672093808.230767}]}, "version": 194}
{"obj": {"type": "LogFloats", "path": ["monitoring", "cpu"], "values": [{"value": 16.7, "step": null, "ts": 1672093818.2969613}]}, "version": 195}
{"obj": {"type": "LogFloats", "path": ["monitoring", "memory"], "values": [{"value": 8.83172607421875, "step": null, "ts": 1672093818.2969613}]}, "version": 196}
{"obj": {"type": "LogFloats", "path": ["monitoring", "gpu"], "values": [{"value": 21.0, "step": null, "ts": 1672093818.2969613}]}, "version": 197}
{"obj": {"type": "LogFloats", "path": ["monitoring", "gpu_memory"], "values": [{"value": 0.15385818481445312, "step": null, "ts": 1672093818.2969613}]}, "version": 198}
{"obj": {"type": "LogFloats", "path": ["monitoring", "cpu"], "values": [{"value": 8.9, "step": null, "ts": 1672093828.3326411}]}, "version": 199}
{"obj": {"type": "LogFloats", "path": ["monitoring", "memory"], "values": [{"value": 9.128883361816406, "step": null, "ts": 1672093828.3326411}]}, "version": 200}
{"obj": {"type": "LogFloats", "path": ["monitoring", "gpu"], "values": [{"value": 34.0, "step": null, "ts": 1672093828.3326411}]}, "version": 201}
{"obj": {"type": "LogFloats", "path": ["monitoring", "gpu_memory"], "values": [{"value": 0.18382644653320312, "step": null, "ts": 1672093828.3326411}]}, "version": 202}
{"obj": {"type": "LogFloats", "path": ["monitoring", "cpu"], "values": [{"value": 13.1, "step": null, "ts": 1672093838.3654275}]}, "version": 203}
{"obj": {"type": "LogFloats", "path": ["monitoring", "memory"], "values": [{"value": 8.883007049560547, "step": null, "ts": 1672093838.3654275}]}, "version": 204}
{"obj": {"type": "LogFloats", "path": ["monitoring", "gpu"], "values": [{"value": 28.0, "step": null, "ts": 1672093838.3654275}]}, "version": 205}
{"obj": {"type": "LogFloats", "path": ["monitoring", "gpu_memory"], "values": [{"value": 0.16807174682617188, "step": null, "ts": 1672093838.3654275}]}, "version": 206}
{"obj": {"type": "LogFloats", "path": ["monitoring", "cpu"], "values": [{"value": 19.8, "step": null, "ts": 1672093848.382778}]}, "version": 207}
{"obj": {"type": "LogFloats", "path": ["monitoring", "memory"], "values": [{"value": 9.359142303466797, "step": null, "ts": 1672093848.382778}]}, "version": 208}
{"obj": {"type": "LogFloats", "path": ["monitoring", "gpu"], "values": [{"value": 30.0, "step": null, "ts": 1672093848.382778}]}, "version": 209}
{"obj": {"type": "LogFloats", "path": ["monitoring", "gpu_memory"], "values": [{"value": 0.16715621948242188, "step": null, "ts": 1672093848.382778}]}, "version": 210}
{"obj": {"type": "LogFloats", "path": ["monitoring", "cpu"], "values": [{"value": 19.1, "step": null, "ts": 1672093858.3989935}]}, "version": 211}
{"obj": {"type": "LogFloats", "path": ["monitoring", "memory"], "values": [{"value": 9.290367126464844, "step": null, "ts": 1672093858.3989935}]}, "version": 212}
{"obj": {"type": "LogFloats", "path": ["monitoring", "gpu"], "values": [{"value": 37.0, "step": null, "ts": 1672093858.3989935}]}, "version": 213}
{"obj": {"type": "LogFloats", "path": ["monitoring", "gpu_memory"], "values": [{"value": 0.22996139526367188, "step": null, "ts": 1672093858.3989935}]}, "version": 214}
{"obj": {"type": "LogFloats", "path": ["monitoring", "cpu"], "values": [{"value": 26.0, "step": null, "ts": 1672093868.418727}]}, "version": 215}
{"obj": {"type": "LogFloats", "path": ["monitoring", "memory"], "values": [{"value": 9.237548828125, "step": null, "ts": 1672093868.418727}]}, "version": 216}
{"obj": {"type": "LogFloats", "path": ["monitoring", "gpu"], "values": [{"value": 29.0, "step": null, "ts": 1672093868.418727}]}, "version": 217}
{"obj": {"type": "LogFloats", "path": ["monitoring", "gpu_memory"], "values": [{"value": 0.23307418823242188, "step": null, "ts": 1672093868.418727}]}, "version": 218}
{"obj": {"type": "LogFloats", "path": ["monitoring", "cpu"], "values": [{"value": 15.5, "step": null, "ts": 1672093878.4361148}]}, "version": 219}
{"obj": {"type": "LogFloats", "path": ["monitoring", "memory"], "values": [{"value": 8.603717803955078, "step": null, "ts": 1672093878.4361148}]}, "version": 220}
{"obj": {"type": "LogFloats", "path": ["monitoring", "gpu"], "values": [{"value": 29.0, "step": null, "ts": 1672093878.4361148}]}, "version": 221}
{"obj": {"type": "LogFloats", "path": ["monitoring", "gpu_memory"], "values": [{"value": 0.17484664916992188, "step": null, "ts": 1672093878.4361148}]}, "version": 222}
{"obj": {"type": "LogFloats", "path": ["monitoring", "cpu"], "values": [{"value": 11.2, "step": null, "ts": 1672093888.4522421}]}, "version": 223}
{"obj": {"type": "LogFloats", "path": ["monitoring", "memory"], "values": [{"value": 8.95882797241211, "step": null, "ts": 1672093888.4522421}]}, "version": 224}
{"obj": {"type": "LogFloats", "path": ["monitoring", "gpu"], "values": [{"value": 29.0, "step": null, "ts": 1672093888.4522421}]}, "version": 225}
{"obj": {"type": "LogFloats", "path": ["monitoring", "gpu_memory"], "values": [{"value": 0.19834518432617188, "step": null, "ts": 1672093888.4522421}]}, "version": 226}
{"obj": {"type": "LogFloats", "path": ["monitoring", "cpu"], "values": [{"value": 18.5, "step": null, "ts": 1672093898.4802701}]}, "version": 227}
{"obj": {"type": "LogFloats", "path": ["monitoring", "memory"], "values": [{"value": 9.331443786621094, "step": null, "ts": 1672093898.4802701}]}, "version": 228}
{"obj": {"type": "LogFloats", "path": ["monitoring", "gpu"], "values": [{"value": 24.0, "step": null, "ts": 1672093898.4802701}]}, "version": 229}
{"obj": {"type": "LogFloats", "path": ["monitoring", "gpu_memory"], "values": [{"value": 0.17357254028320312, "step": null, "ts": 1672093898.4802701}]}, "version": 230}
{"obj": {"type": "LogFloats", "path": ["monitoring", "cpu"], "values": [{"value": 13.9, "step": null, "ts": 1672093908.5017314}]}, "version": 231}
{"obj": {"type": "LogFloats", "path": ["monitoring", "memory"], "values": [{"value": 8.615364074707031, "step": null, "ts": 1672093908.5017314}]}, "version": 232}
{"obj": {"type": "LogFloats", "path": ["monitoring", "gpu"], "values": [{"value": 33.0, "step": null, "ts": 1672093908.5017314}]}, "version": 233}
{"obj": {"type": "LogFloats", "path": ["monitoring", "gpu_memory"], "values": [{"value": 0.22172927856445312, "step": null, "ts": 1672093908.5017314}]}, "version": 234}
{"obj": {"type": "LogFloats", "path": ["monitoring", "cpu"], "values": [{"value": 12.0, "step": null, "ts": 1672093918.5302303}]}, "version": 235}
{"obj": {"type": "LogFloats", "path": ["monitoring", "memory"], "values": [{"value": 9.39406967163086, "step": null, "ts": 1672093918.5302303}]}, "version": 236}
{"obj": {"type": "LogFloats", "path": ["monitoring", "gpu"], "values": [{"value": 25.0, "step": null, "ts": 1672093918.5302303}]}, "version": 237}
{"obj": {"type": "LogFloats", "path": ["monitoring", "gpu_memory"], "values": [{"value": 0.20976638793945312, "step": null, "ts": 1672093918.5302303}]}, "version": 238}
{"obj": {"type": "LogFloats", "path": ["monitoring", "cpu"], "values": [{"value": 1.1, "step": null, "ts": 1672093928.5549757}]}, "version": 239}
{"obj": {"type": "LogFloats", "path": ["monitoring", "memory"], "values": [{"value": 9.37835693359375, "step": null, "ts": 1672093928.5549757}]}, "version": 240}
{"obj": {"type": "LogFloats", "path": ["monitoring", "gpu"], "values": [{"value": 6.0, "step": null, "ts": 1672093928.5549757}]}, "version": 241}
{"obj": {"type": "LogFloats", "path": ["monitoring", "gpu_memory"], "values": [{"value": 0.18320846557617188, "step": null, "ts": 1672093928.5549757}]}, "version": 242}
{"obj": {"type": "LogFloats", "path": ["monitoring", "cpu"], "values": [{"value": 1.2, "step": null, "ts": 1672093938.5675955}]}, "version": 243}
{"obj": {"type": "LogFloats", "path": ["monitoring", "memory"], "values": [{"value": 8.783550262451172, "step": null, "ts": 1672093938.5675955}]}, "version": 244}
{"obj": {"type": "LogFloats", "path": ["monitoring", "gpu"], "values": [{"value": 6.0, "step": null, "ts": 1672093938.5675955}]}, "version": 245}
{"obj": {"type": "LogFloats", "path": ["monitoring", "gpu_memory"], "values": [{"value": 0.17014694213867188, "step": null, "ts": 1672093938.5675955}]}, "version": 246}
{"obj": {"type": "LogFloats", "path": ["monitoring", "cpu"], "values": [{"value": 6.7, "step": null, "ts": 1672093948.5921187}]}, "version": 247}
{"obj": {"type": "LogFloats", "path": ["monitoring", "memory"], "values": [{"value": 8.782447814941406, "step": null, "ts": 1672093948.5921187}]}, "version": 248}
{"obj": {"type": "LogFloats", "path": ["monitoring", "gpu"], "values": [{"value": 3.0, "step": null, "ts": 1672093948.5921187}]}, "version": 249}
{"obj": {"type": "LogFloats", "path": ["monitoring", "gpu_memory"], "values": [{"value": 0.17509078979492188, "step": null, "ts": 1672093948.5921187}]}, "version": 250}
{"obj": {"type": "LogFloats", "path": ["monitoring", "cpu"], "values": [{"value": 9.4, "step": null, "ts": 1672093958.6046863}]}, "version": 251}
{"obj": {"type": "LogFloats", "path": ["monitoring", "memory"], "values": [{"value": 8.81052017211914, "step": null, "ts": 1672093958.6046863}]}, "version": 252}
{"obj": {"type": "LogFloats", "path": ["monitoring", "gpu"], "values": [{"value": 32.0, "step": null, "ts": 1672093958.6046863}]}, "version": 253}
{"obj": {"type": "LogFloats", "path": ["monitoring", "gpu_memory"], "values": [{"value": 0.18518447875976562, "step": null, "ts": 1672093958.6046863}]}, "version": 254}
{"obj": {"type": "LogFloats", "path": ["monitoring", "cpu"], "values": [{"value": 2.4, "step": null, "ts": 1672093968.633978}]}, "version": 255}
{"obj": {"type": "LogFloats", "path": ["monitoring", "memory"], "values": [{"value": 8.842864990234375, "step": null, "ts": 1672093968.633978}]}, "version": 256}
{"obj": {"type": "LogFloats", "path": ["monitoring", "gpu"], "values": [{"value": 29.0, "step": null, "ts": 1672093968.633978}]}, "version": 257}
{"obj": {"type": "LogFloats", "path": ["monitoring", "gpu_memory"], "values": [{"value": 0.20408248901367188, "step": null, "ts": 1672093968.633978}]}, "version": 258}
{"obj": {"type": "LogFloats", "path": ["monitoring", "cpu"], "values": [{"value": 4.0, "step": null, "ts": 1672093978.6633399}]}, "version": 259}
{"obj": {"type": "LogFloats", "path": ["monitoring", "memory"], "values": [{"value": 8.847236633300781, "step": null, "ts": 1672093978.6633399}]}, "version": 260}
{"obj": {"type": "LogFloats", "path": ["monitoring", "gpu"], "values": [{"value": 26.0, "step": null, "ts": 1672093978.6633399}]}, "version": 261}
{"obj": {"type": "LogFloats", "path": ["monitoring", "gpu_memory"], "values": [{"value": 0.14878463745117188, "step": null, "ts": 1672093978.6633399}]}, "version": 262}
{"obj": {"type": "LogFloats", "path": ["monitoring", "cpu"], "values": [{"value": 29.1, "step": null, "ts": 1672093988.6867144}]}, "version": 263}
{"obj": {"type": "LogFloats", "path": ["monitoring", "memory"], "values": [{"value": 8.843730926513672, "step": null, "ts": 1672093988.6867144}]}, "version": 264}
{"obj": {"type": "LogFloats", "path": ["monitoring", "gpu"], "values": [{"value": 23.0, "step": null, "ts": 1672093988.6867144}]}, "version": 265}
{"obj": {"type": "LogFloats", "path": ["monitoring", "gpu_memory"], "values": [{"value": 0.14878463745117188, "step": null, "ts": 1672093988.6867144}]}, "version": 266}
{"obj": {"type": "LogFloats", "path": ["monitoring", "cpu"], "values": [{"value": 2.5, "step": null, "ts": 1672093998.700799}]}, "version": 267}
{"obj": {"type": "LogFloats", "path": ["monitoring", "memory"], "values": [{"value": 8.836494445800781, "step": null, "ts": 1672093998.700799}]}, "version": 268}
{"obj": {"type": "LogFloats", "path": ["monitoring", "gpu"], "values": [{"value": 29.0, "step": null, "ts": 1672093998.700799}]}, "version": 269}
{"obj": {"type": "LogFloats", "path": ["monitoring", "gpu_memory"], "values": [{"value": 0.15995407104492188, "step": null, "ts": 1672093998.700799}]}, "version": 270}
{"obj": {"type": "LogFloats", "path": ["monitoring", "cpu"], "values": [{"value": 5.5, "step": null, "ts": 1672094008.7307525}]}, "version": 271}
{"obj": {"type": "LogFloats", "path": ["monitoring", "memory"], "values": [{"value": 8.876018524169922, "step": null, "ts": 1672094008.7307525}]}, "version": 272}
{"obj": {"type": "LogFloats", "path": ["monitoring", "gpu"], "values": [{"value": 33.0, "step": null, "ts": 1672094008.7307525}]}, "version": 273}
{"obj": {"type": "LogFloats", "path": ["monitoring", "gpu_memory"], "values": [{"value": 0.19388961791992188, "step": null, "ts": 1672094008.7307525}]}, "version": 274}
{"obj": {"type": "LogFloats", "path": ["monitoring", "cpu"], "values": [{"value": 4.5, "step": null, "ts": 1672094018.7570326}]}, "version": 275}
{"obj": {"type": "LogFloats", "path": ["monitoring", "memory"], "values": [{"value": 8.876110076904297, "step": null, "ts": 1672094018.7570326}]}, "version": 276}
{"obj": {"type": "LogFloats", "path": ["monitoring", "gpu"], "values": [{"value": 18.0, "step": null, "ts": 1672094018.7570326}]}, "version": 277}
{"obj": {"type": "LogFloats", "path": ["monitoring", "gpu_memory"], "values": [{"value": 0.17393112182617188, "step": null, "ts": 1672094018.7570326}]}, "version": 278}
{"obj": {"type": "LogFloats", "path": ["monitoring", "cpu"], "values": [{"value": 0.7, "step": null, "ts": 1672094028.785274}]}, "version": 279}
{"obj": {"type": "LogFloats", "path": ["monitoring", "memory"], "values": [{"value": 9.042171478271484, "step": null, "ts": 1672094028.785274}]}, "version": 280}
{"obj": {"type": "LogFloats", "path": ["monitoring", "gpu_memory"], "values": [{"value": 0.17197799682617188, "step": null, "ts": 1672094028.785274}]}, "version": 281}
{"obj": {"type": "LogFloats", "path": ["monitoring", "cpu"], "values": [{"value": 2.8, "step": null, "ts": 1672094038.7870858}]}, "version": 282}
{"obj": {"type": "LogFloats", "path": ["monitoring", "memory"], "values": [{"value": 9.12002182006836, "step": null, "ts": 1672094038.7870858}]}, "version": 283}
{"obj": {"type": "LogFloats", "path": ["monitoring", "gpu"], "values": [{"value": 14.0, "step": null, "ts": 1672094038.7870858}]}, "version": 284}
{"obj": {"type": "LogFloats", "path": ["monitoring", "gpu_memory"], "values": [{"value": 0.16367721557617188, "step": null, "ts": 1672094038.7870858}]}, "version": 285}
{"obj": {"type": "LogFloats", "path": ["monitoring", "cpu"], "values": [{"value": 1.3, "step": null, "ts": 1672094048.811707}]}, "version": 286}
{"obj": {"type": "LogFloats", "path": ["monitoring", "memory"], "values": [{"value": 9.170909881591797, "step": null, "ts": 1672094048.811707}]}, "version": 287}
{"obj": {"type": "LogFloats", "path": ["monitoring", "gpu_memory"], "values": [{"value": 0.18992233276367188, "step": null, "ts": 1672094048.811707}]}, "version": 288}
{"obj": {"type": "LogFloats", "path": ["monitoring", "cpu"], "values": [{"value": 6.2, "step": null, "ts": 1672094058.8132534}]}, "version": 289}
{"obj": {"type": "LogFloats", "path": ["monitoring", "memory"], "values": [{"value": 9.17776107788086, "step": null, "ts": 1672094058.8132534}]}, "version": 290}
{"obj": {"type": "LogFloats", "path": ["monitoring", "gpu_memory"], "values": [{"value": 0.21378707885742188, "step": null, "ts": 1672094058.8132534}]}, "version": 291}
{"obj": {"type": "LogFloats", "path": ["monitoring", "cpu"], "values": [{"value": 2.2, "step": null, "ts": 1672094068.826042}]}, "version": 292}
{"obj": {"type": "LogFloats", "path": ["monitoring", "memory"], "values": [{"value": 9.176162719726562, "step": null, "ts": 1672094068.826042}]}, "version": 293}
{"obj": {"type": "LogFloats", "path": ["monitoring", "gpu_memory"], "values": [{"value": 0.20646286010742188, "step": null, "ts": 1672094068.826042}]}, "version": 294}
{"obj": {"type": "LogFloats", "path": ["monitoring", "cpu"], "values": [{"value": 5.9, "step": null, "ts": 1672094078.8298051}]}, "version": 295}
{"obj": {"type": "LogFloats", "path": ["monitoring", "memory"], "values": [{"value": 9.175453186035156, "step": null, "ts": 1672094078.8298051}]}, "version": 296}
{"obj": {"type": "LogFloats", "path": ["monitoring", "gpu_memory"], "values": [{"value": 0.20237350463867188, "step": null, "ts": 1672094078.8298051}]}, "version": 297}
{"obj": {"type": "LogFloats", "path": ["monitoring", "cpu"], "values": [{"value": 1.8, "step": null, "ts": 1672094088.8310034}]}, "version": 298}
{"obj": {"type": "LogFloats", "path": ["monitoring", "memory"], "values": [{"value": 9.210426330566406, "step": null, "ts": 1672094088.8310034}]}, "version": 299}
{"obj": {"type": "LogFloats", "path": ["monitoring", "gpu_memory"], "values": [{"value": 0.19987106323242188, "step": null, "ts": 1672094088.8310034}]}, "version": 300}
{"obj": {"type": "LogFloats", "path": ["monitoring", "cpu"], "values": [{"value": 3.6, "step": null, "ts": 1672094098.8365517}]}, "version": 301}
{"obj": {"type": "LogFloats", "path": ["monitoring", "memory"], "values": [{"value": 9.330490112304688, "step": null, "ts": 1672094098.8365517}]}, "version": 302}
{"obj": {"type": "LogFloats", "path": ["monitoring", "gpu_memory"], "values": [{"value": 0.06274795532226562, "step": null, "ts": 1672094098.8365517}]}, "version": 303}
{"obj": {"type": "LogFloats", "path": ["monitoring", "cpu"], "values": [{"value": 6.2, "step": null, "ts": 1672094108.8524532}]}, "version": 304}
{"obj": {"type": "LogFloats", "path": ["monitoring", "memory"], "values": [{"value": 9.353160858154297, "step": null, "ts": 1672094108.8524532}]}, "version": 305}
{"obj": {"type": "LogFloats", "path": ["monitoring", "gpu_memory"], "values": [{"value": 0.06743621826171875, "step": null, "ts": 1672094108.8524532}]}, "version": 306}
{"obj": {"type": "LogFloats", "path": ["monitoring", "memory"], "values": [{"value": 9.370014190673828, "step": null, "ts": 1672094118.8769643}]}, "version": 307}
{"obj": {"type": "LogFloats", "path": ["monitoring", "gpu_memory"], "values": [{"value": 0.06743621826171875, "step": null, "ts": 1672094118.8769643}]}, "version": 308}
{"obj": {"type": "LogFloats", "path": ["monitoring", "cpu"], "values": [{"value": 5.9, "step": null, "ts": 1672094128.8993084}]}, "version": 309}
{"obj": {"type": "LogFloats", "path": ["monitoring", "memory"], "values": [{"value": 8.971954345703125, "step": null, "ts": 1672094128.8993084}]}, "version": 310}
{"obj": {"type": "LogFloats", "path": ["monitoring", "gpu"], "values": [{"value": 9.0, "step": null, "ts": 1672094128.8993084}]}, "version": 311}
{"obj": {"type": "LogFloats", "path": ["monitoring", "gpu_memory"], "values": [{"value": 0.16433334350585938, "step": null, "ts": 1672094128.8993084}]}, "version": 312}
